[2022-01-22 14:03:07] local.ERROR: Class "routes" not found {"exception":"[object] (Error(code: 0): Class \"routes\" not found at G:\\Documents\\SEMESTER 5\\DESAIN DAN PEMROGRAMAN WEB\\Praktikum\\19104082_IkadhannyYudyanPratama\\praklaravel1\outes\\web.php:24)
[stacktrace]
#0 G:\\Documents\\SEMESTER 5\\DESAIN DAN PEMROGRAMAN WEB\\Praktikum\\19104082_IkadhannyYudyanPratama\\praklaravel1\\vendor\\laravel\\framework\\src\\Illuminate\\Routing\\RouteFileRegistrar.php(35): require()
#1 G:\\Documents\\SEMESTER 5\\DESAIN DAN PEMROGRAMAN WEB\\Praktikum\\19104082_IkadhannyYudyanPratama\\praklaravel1\\vendor\\laravel\\framework\\src\\Illuminate\\Routing\\Router.php(425): Illuminate\\Routing\\RouteFileRegistrar->register('G:\\\\Documents\\\\SE...')
#2 G:\\Documents\\SEMESTER 5\\DESAIN DAN PEMROGRAMAN WEB\\Praktikum\\19104082_IkadhannyYudyanPratama\\praklaravel1\\vendor\\laravel\\framework\\src\\Illuminate\\Routing\\Router.php(382): Illuminate\\Routing\\Router->loadRoutes('G:\\\\Documents\\\\SE...')
#3 G:\\Documents\\SEMESTER 5\\DESAIN DAN PEMROGRAMAN WEB\\Praktikum\\19104082_IkadhannyYudyanPratama\\praklaravel1\\vendor\\laravel\\framework\\src\\Illuminate\\Routing\\RouteRegistrar.php(163): Illuminate\\Routing\\Router->group(Array, 'G:\\\\Documents\\\\SE...')
#4 G:\\Documents\\SEMESTER 5\\DESAIN DAN PEMROGRAMAN WEB\\Praktikum\\19104082_IkadhannyYudyanPratama\\praklaravel1\\app\\Providers\\RouteServiceProvider.php(48): Illuminate\\Routing\\RouteRegistrar->group('G:\\\\Documents\\\\SE...')
#5 G:\\Documents\\SEMESTER 5\\DESAIN DAN PEMROGRAMAN WEB\\Praktikum\\19104082_IkadhannyYudyanPratama\\praklaravel1\\vendor\\laravel\\framework\\src\\Illuminate\\Container\\BoundMethod.php(36): App\\Providers\\RouteServiceProvider->App\\Providers\\{closure}()
#6 G:\\Documents\\SEMESTER 5\\DESAIN DAN PEMROGRAMAN WEB\\Praktikum\\19104082_IkadhannyYudyanPratama\\praklaravel1\\vendor\\laravel\\framework\\src\\Illuminate\\Container\\Util.php(40): Illuminate\\Container\\BoundMethod::Illuminate\\Container\\{closure}()
#7 G:\\Documents\\SEMESTER 5\\DESAIN DAN PEMROGRAMAN WEB\\Praktikum\\19104082_IkadhannyYudyanPratama\\praklaravel1\\vendor\\laravel\\framework\\src\\Illuminate\\Container\\BoundMethod.php(81): Illuminate\\Container\\Util::unwrapIfClosure(Object(Closure))
#8 G:\\Documents\\SEMESTER 5\\DESAIN DAN PEMROGRAMAN WEB\\Praktikum\\19104082_IkadhannyYudyanPratama\\praklaravel1\\vendor\\laravel\\framework\\src\\Illuminate\\Container\\BoundMethod.php(37): Illuminate\\Container\\BoundMethod::callBoundMethod(Object(Illuminate\\Foundation\\Application), Object(Closure), Object(Closure))
#9 G:\\Documents\\SEMESTER 5\\DESAIN DAN PEMROGRAMAN WEB\\Praktikum\\19104082_IkadhannyYudyanPratama\\praklaravel1\\vendor\\laravel\\framework\\src\\Illuminate\\Container\\Container.php(653): Illuminate\\Container\\BoundMethod::call(Object(Illuminate\\Foundation\\Application), Object(Closure), Array, NULL)
#10 G:\\Documents\\SEMESTER 5\\DESAIN DAN PEMROGRAMAN WEB\\Praktikum\\19104082_IkadhannyYudyanPratama\\praklaravel1\\vendor\\laravel\\framework\\src\\Illuminate\\Foundation\\Support\\Providers\\RouteServiceProvider.php(120): Illuminate\\Container\\Container->call(Object(Closure))
#11 G:\\Documents\\SEMESTER 5\\DESAIN DAN PEMROGRAMAN WEB\\Praktikum\\19104082_IkadhannyYudyanPratama\\praklaravel1\\vendor\\laravel\\framework\\src\\Illuminate\\Foundation\\Support\\Providers\\RouteServiceProvider.php(45): Illuminate\\Foundation\\Support\\Providers\\RouteServiceProvider->loadRoutes()
#12 G:\\Documents\\SEMESTER 5\\DESAIN DAN PEMROGRAMAN WEB\\Praktikum\\19104082_IkadhannyYudyanPratama\\praklaravel1\\vendor\\laravel\\framework\\src\\Illuminate\\Container\\BoundMethod.php(36): Illuminate\\Foundation\\Support\\Providers\\RouteServiceProvider->Illuminate\\Foundation\\Support\\Providers\\{closure}()
#13 G:\\Documents\\SEMESTER 5\\DESAIN DAN PEMROGRAMAN WEB\\Praktikum\\19104082_IkadhannyYudyanPratama\\praklaravel1\\vendor\\laravel\\framework\\src\\Illuminate\\Container\\Util.php(40): Illuminate\\Container\\BoundMethod::Illuminate\\Container\\{closure}()
#14 G:\\Documents\\SEMESTER 5\\DESAIN DAN PEMROGRAMAN WEB\\Praktikum\\19104082_IkadhannyYudyanPratama\\praklaravel1\\vendor\\laravel\\framework\\src\\Illuminate\\Container\\BoundMethod.php(81): Illuminate\\Container\\Util::unwrapIfClosure(Object(Closure))
#15 G:\\Documents\\SEMESTER 5\\DESAIN DAN PEMROGRAMAN WEB\\Praktikum\\19104082_IkadhannyYudyanPratama\\praklaravel1\\vendor\\laravel\\framework\\src\\Illuminate\\Container\\BoundMethod.php(37): Illuminate\\Container\\BoundMethod::callBoundMethod(Object(Illuminate\\Foundation\\Application), Object(Closure), Object(Closure))
#16 G:\\Documents\\SEMESTER 5\\DESAIN DAN PEMROGRAMAN WEB\\Praktikum\\19104082_IkadhannyYudyanPratama\\praklaravel1\\vendor\\laravel\\framework\\src\\Illuminate\\Container\\Container.php(653): Illuminate\\Container\\BoundMethod::call(Object(Illuminate\\Foundation\\Application), Object(Closure), Array, NULL)
#17 G:\\Documents\\SEMESTER 5\\DESAIN DAN PEMROGRAMAN WEB\\Praktikum\\19104082_IkadhannyYudyanPratama\\praklaravel1\\vendor\\laravel\\framework\\src\\Illuminate\\Support\\ServiceProvider.php(119): Illuminate\\Container\\Container->call(Object(Closure))
#18 G:\\Documents\\SEMESTER 5\\DESAIN DAN PEMROGRAMAN WEB\\Praktikum\\19104082_IkadhannyYudyanPratama\\praklaravel1\\vendor\\laravel\\framework\\src\\Illuminate\\Foundation\\Application.php(927): Illuminate\\Support\\ServiceProvider->callBootedCallbacks()
#19 G:\\Documents\\SEMESTER 5\\DESAIN DAN PEMROGRAMAN WEB\\Praktikum\\19104082_IkadhannyYudyanPratama\\praklaravel1\\vendor\\laravel\\framework\\src\\Illuminate\\Foundation\\Application.php(905): Illuminate\\Foundation\\Application->bootProvider(Object(App\\Providers\\RouteServiceProvider))
#20 [internal function]: Illuminate\\Foundation\\Application->Illuminate\\Foundation\\{closure}(Object(App\\Providers\\RouteServiceProvider), 23)
#21 G:\\Documents\\SEMESTER 5\\DESAIN DAN PEMROGRAMAN WEB\\Praktikum\\19104082_IkadhannyYudyanPratama\\praklaravel1\\vendor\\laravel\\framework\\src\\Illuminate\\Foundation\\Application.php(906): array_walk(Array, Object(Closure))
#22 G:\\Documents\\SEMESTER 5\\DESAIN DAN PEMROGRAMAN WEB\\Praktikum\\19104082_IkadhannyYudyanPratama\\praklaravel1\\vendor\\laravel\\framework\\src\\Illuminate\\Foundation\\Bootstrap\\BootProviders.php(17): Illuminate\\Foundation\\Application->boot()
#23 G:\\Documents\\SEMESTER 5\\DESAIN DAN PEMROGRAMAN WEB\\Praktikum\\19104082_IkadhannyYudyanPratama\\praklaravel1\\vendor\\laravel\\framework\\src\\Illuminate\\Foundation\\Application.php(237): Illuminate\\Foundation\\Bootstrap\\BootProviders->bootstrap(Object(Illuminate\\Foundation\\Application))
#24 G:\\Documents\\SEMESTER 5\\DESAIN DAN PEMROGRAMAN WEB\\Praktikum\\19104082_IkadhannyYudyanPratama\\praklaravel1\\vendor\\laravel\\framework\\src\\Illuminate\\Foundation\\Http\\Kernel.php(153): Illuminate\\Foundation\\Application->bootstrapWith(Array)
#25 G:\\Documents\\SEMESTER 5\\DESAIN DAN PEMROGRAMAN WEB\\Praktikum\\19104082_IkadhannyYudyanPratama\\praklaravel1\\vendor\\laravel\\framework\\src\\Illuminate\\Foundation\\Http\\Kernel.php(137): Illuminate\\Foundation\\Http\\Kernel->bootstrap()
#26 G:\\Documents\\SEMESTER 5\\DESAIN DAN PEMROGRAMAN WEB\\Praktikum\\19104082_IkadhannyYudyanPratama\\praklaravel1\\vendor\\laravel\\framework\\src\\Illuminate\\Foundation\\Http\\Kernel.php(111): Illuminate\\Foundation\\Http\\Kernel->sendRequestThroughRouter(Object(Illuminate\\Http\\Request))
#27 G:\\Documents\\SEMESTER 5\\DESAIN DAN PEMROGRAMAN WEB\\Praktikum\\19104082_IkadhannyYudyanPratama\\praklaravel1\\public\\index.php(52): Illuminate\\Foundation\\Http\\Kernel->handle(Object(Illuminate\\Http\\Request))
#28 G:\\Documents\\SEMESTER 5\\DESAIN DAN PEMROGRAMAN WEB\\Praktikum\\19104082_IkadhannyYudyanPratama\\praklaravel1\\server.php(21): require_once('G:\\\\Documents\\\\SE...')
#29 {main}
"} 
[2022-01-22 15:30:18] local.ERROR: Target class [beranda] does not exist. {"exception":"[object] (Illuminate\\Contracts\\Container\\BindingResolutionException(code: 0): Target class [beranda] does not exist. at G:\\Documents\\SEMESTER 5\\DESAIN DAN PEMROGRAMAN WEB\\Praktikum\\19104082_IkadhannyYudyanPratama\\praklaravel1\\vendor\\laravel\\framework\\src\\Illuminate\\Container\\Container.php:879)
[stacktrace]
#0 G:\\Documents\\SEMESTER 5\\DESAIN DAN PEMROGRAMAN WEB\\Praktikum\\19104082_IkadhannyYudyanPratama\\praklaravel1\\vendor\\laravel\\framework\\src\\Illuminate\\Container\\Container.php(758): Illuminate\\Container\\Container->build('beranda')
#1 G:\\Documents\\SEMESTER 5\\DESAIN DAN PEMROGRAMAN WEB\\Praktikum\\19104082_IkadhannyYudyanPratama\\praklaravel1\\vendor\\laravel\\framework\\src\\Illuminate\\Foundation\\Application.php(851): Illuminate\\Container\\Container->resolve('beranda', Array, true)
#2 G:\\Documents\\SEMESTER 5\\DESAIN DAN PEMROGRAMAN WEB\\Praktikum\\19104082_IkadhannyYudyanPratama\\praklaravel1\\vendor\\laravel\\framework\\src\\Illuminate\\Container\\Container.php(694): Illuminate\\Foundation\\Application->resolve('beranda', Array)
#3 G:\\Documents\\SEMESTER 5\\DESAIN DAN PEMROGRAMAN WEB\\Praktikum\\19104082_IkadhannyYudyanPratama\\praklaravel1\\vendor\\laravel\\framework\\src\\Illuminate\\Foundation\\Application.php(836): Illuminate\\Container\\Container->make('beranda', Array)
#4 G:\\Documents\\SEMESTER 5\\DESAIN DAN PEMROGRAMAN WEB\\Praktikum\\19104082_IkadhannyYudyanPratama\\praklaravel1\\vendor\\laravel\\framework\\src\\Illuminate\\Routing\\Route.php(276): Illuminate\\Foundation\\Application->make('beranda')
#5 G:\\Documents\\SEMESTER 5\\DESAIN DAN PEMROGRAMAN WEB\\Praktikum\\19104082_IkadhannyYudyanPratama\\praklaravel1\\vendor\\laravel\\framework\\src\\Illuminate\\Routing\\Route.php(1069): Illuminate\\Routing\\Route->getController()
#6 G:\\Documents\\SEMESTER 5\\DESAIN DAN PEMROGRAMAN WEB\\Praktikum\\19104082_IkadhannyYudyanPratama\\praklaravel1\\vendor\\laravel\\framework\\src\\Illuminate\\Routing\\Route.php(1012): Illuminate\\Routing\\Route->controllerMiddleware()
#7 G:\\Documents\\SEMESTER 5\\DESAIN DAN PEMROGRAMAN WEB\\Praktikum\\19104082_IkadhannyYudyanPratama\\praklaravel1\\vendor\\laravel\\framework\\src\\Illuminate\\Routing\\Router.php(734): Illuminate\\Routing\\Route->gatherMiddleware()
#8 G:\\Documents\\SEMESTER 5\\DESAIN DAN PEMROGRAMAN WEB\\Praktikum\\19104082_IkadhannyYudyanPratama\\praklaravel1\\vendor\\laravel\\framework\\src\\Illuminate\\Routing\\Router.php(714): Illuminate\\Routing\\Router->gatherRouteMiddleware(Object(Illuminate\\Routing\\Route))
#9 G:\\Documents\\SEMESTER 5\\DESAIN DAN PEMROGRAMAN WEB\\Praktikum\\19104082_IkadhannyYudyanPratama\\praklaravel1\\vendor\\laravel\\framework\\src\\Illuminate\\Routing\\Router.php(698): Illuminate\\Routing\\Router->runRouteWithinStack(Object(Illuminate\\Routing\\Route), Object(Illuminate\\Http\\Request))
#10 G:\\Documents\\SEMESTER 5\\DESAIN DAN PEMROGRAMAN WEB\\Praktikum\\19104082_IkadhannyYudyanPratama\\praklaravel1\\vendor\\laravel\\framework\\src\\Illuminate\\Routing\\Router.php(662): Illuminate\\Routing\\Router->runRoute(Object(Illuminate\\Http\\Request), Object(Illuminate\\Routing\\Route))
#11 G:\\Documents\\SEMESTER 5\\DESAIN DAN PEMROGRAMAN WEB\\Praktikum\\19104082_IkadhannyYudyanPratama\\praklaravel1\\vendor\\laravel\\framework\\src\\Illuminate\\Routing\\Router.php(651): Illuminate\\Routing\\Router->dispatchToRoute(Object(Illuminate\\Http\\Request))
#12 G:\\Documents\\SEMESTER 5\\DESAIN DAN PEMROGRAMAN WEB\\Praktikum\\19104082_IkadhannyYudyanPratama\\praklaravel1\\vendor\\laravel\\framework\\src\\Illuminate\\Foundation\\Http\\Kernel.php(167): Illuminate\\Routing\\Router->dispatch(Object(Illuminate\\Http\\Request))
#13 G:\\Documents\\SEMESTER 5\\DESAIN DAN PEMROGRAMAN WEB\\Praktikum\\19104082_IkadhannyYudyanPratama\\praklaravel1\\vendor\\laravel\\framework\\src\\Illuminate\\Pipeline\\Pipeline.php(128): Illuminate\\Foundation\\Http\\Kernel->Illuminate\\Foundation\\Http\\{closure}(Object(Illuminate\\Http\\Request))
#14 G:\\Documents\\SEMESTER 5\\DESAIN DAN PEMROGRAMAN WEB\\Praktikum\\19104082_IkadhannyYudyanPratama\\praklaravel1\\vendor\\laravel\\framework\\src\\Illuminate\\Foundation\\Http\\Middleware\\TransformsRequest.php(21): Illuminate\\Pipeline\\Pipeline->Illuminate\\Pipeline\\{closure}(Object(Illuminate\\Http\\Request))
#15 G:\\Documents\\SEMESTER 5\\DESAIN DAN PEMROGRAMAN WEB\\Praktikum\\19104082_IkadhannyYudyanPratama\\praklaravel1\\vendor\\laravel\\framework\\src\\Illuminate\\Foundation\\Http\\Middleware\\ConvertEmptyStringsToNull.php(31): Illuminate\\Foundation\\Http\\Middleware\\TransformsRequest->handle(Object(Illuminate\\Http\\Request), Object(Closure))
#16 G:\\Documents\\SEMESTER 5\\DESAIN DAN PEMROGRAMAN WEB\\Praktikum\\19104082_IkadhannyYudyanPratama\\praklaravel1\\vendor\\laravel\\framework\\src\\Illuminate\\Pipeline\\Pipeline.php(167): Illuminate\\Foundation\\Http\\Middleware\\ConvertEmptyStringsToNull->handle(Object(Illuminate\\Http\\Request), Object(Closure))
#17 G:\\Documents\\SEMESTER 5\\DESAIN DAN PEMROGRAMAN WEB\\Praktikum\\19104082_IkadhannyYudyanPratama\\praklaravel1\\vendor\\laravel\\framework\\src\\Illuminate\\Foundation\\Http\\Middleware\\TransformsRequest.php(21): Illuminate\\Pipeline\\Pipeline->Illuminate\\Pipeline\\{closure}(Object(Illuminate\\Http\\Request))
#18 G:\\Documents\\SEMESTER 5\\DESAIN DAN PEMROGRAMAN WEB\\Praktikum\\19104082_IkadhannyYudyanPratama\\praklaravel1\\vendor\\laravel\\framework\\src\\Illuminate\\Foundation\\Http\\Middleware\\TrimStrings.php(40): Illuminate\\Foundation\\Http\\Middleware\\TransformsRequest->handle(Object(Illuminate\\Http\\Request), Object(Closure))
#19 G:\\Documents\\SEMESTER 5\\DESAIN DAN PEMROGRAMAN WEB\\Praktikum\\19104082_IkadhannyYudyanPratama\\praklaravel1\\vendor\\laravel\\framework\\src\\Illuminate\\Pipeline\\Pipeline.php(167): Illuminate\\Foundation\\Http\\Middleware\\TrimStrings->handle(Object(Illuminate\\Http\\Request), Object(Closure))
#20 G:\\Documents\\SEMESTER 5\\DESAIN DAN PEMROGRAMAN WEB\\Praktikum\\19104082_IkadhannyYudyanPratama\\praklaravel1\\vendor\\laravel\\framework\\src\\Illuminate\\Foundation\\Http\\Middleware\\ValidatePostSize.php(27): Illuminate\\Pipeline\\Pipeline->Illuminate\\Pipeline\\{closure}(Object(Illuminate\\Http\\Request))
#21 G:\\Documents\\SEMESTER 5\\DESAIN DAN PEMROGRAMAN WEB\\Praktikum\\19104082_IkadhannyYudyanPratama\\praklaravel1\\vendor\\laravel\\framework\\src\\Illuminate\\Pipeline\\Pipeline.php(167): Illuminate\\Foundation\\Http\\Middleware\\ValidatePostSize->handle(Object(Illuminate\\Http\\Request), Object(Closure))
#22 G:\\Documents\\SEMESTER 5\\DESAIN DAN PEMROGRAMAN WEB\\Praktikum\\19104082_IkadhannyYudyanPratama\\praklaravel1\\vendor\\laravel\\framework\\src\\Illuminate\\Foundation\\Http\\Middleware\\PreventRequestsDuringMaintenance.php(86): Illuminate\\Pipeline\\Pipeline->Illuminate\\Pipeline\\{closure}(Object(Illuminate\\Http\\Request))
#23 G:\\Documents\\SEMESTER 5\\DESAIN DAN PEMROGRAMAN WEB\\Praktikum\\19104082_IkadhannyYudyanPratama\\praklaravel1\\vendor\\laravel\\framework\\src\\Illuminate\\Pipeline\\Pipeline.php(167): Illuminate\\Foundation\\Http\\Middleware\\PreventRequestsDuringMaintenance->handle(Object(Illuminate\\Http\\Request), Object(Closure))
#24 G:\\Documents\\SEMESTER 5\\DESAIN DAN PEMROGRAMAN WEB\\Praktikum\\19104082_IkadhannyYudyanPratama\\praklaravel1\\vendor\\fruitcake\\laravel-cors\\src\\HandleCors.php(38): Illuminate\\Pipeline\\Pipeline->Illuminate\\Pipeline\\{closure}(Object(Illuminate\\Http\\Request))
#25 G:\\Documents\\SEMESTER 5\\DESAIN DAN PEMROGRAMAN WEB\\Praktikum\\19104082_IkadhannyYudyanPratama\\praklaravel1\\vendor\\laravel\\framework\\src\\Illuminate\\Pipeline\\Pipeline.php(167): Fruitcake\\Cors\\HandleCors->handle(Object(Illuminate\\Http\\Request), Object(Closure))
#26 G:\\Documents\\SEMESTER 5\\DESAIN DAN PEMROGRAMAN WEB\\Praktikum\\19104082_IkadhannyYudyanPratama\\praklaravel1\\vendor\\laravel\\framework\\src\\Illuminate\\Http\\Middleware\\TrustProxies.php(39): Illuminate\\Pipeline\\Pipeline->Illuminate\\Pipeline\\{closure}(Object(Illuminate\\Http\\Request))
#27 G:\\Documents\\SEMESTER 5\\DESAIN DAN PEMROGRAMAN WEB\\Praktikum\\19104082_IkadhannyYudyanPratama\\praklaravel1\\vendor\\laravel\\framework\\src\\Illuminate\\Pipeline\\Pipeline.php(167): Illuminate\\Http\\Middleware\\TrustProxies->handle(Object(Illuminate\\Http\\Request), Object(Closure))
#28 G:\\Documents\\SEMESTER 5\\DESAIN DAN PEMROGRAMAN WEB\\Praktikum\\19104082_IkadhannyYudyanPratama\\praklaravel1\\vendor\\laravel\\framework\\src\\Illuminate\\Pipeline\\Pipeline.php(103): Illuminate\\Pipeline\\Pipeline->Illuminate\\Pipeline\\{closure}(Object(Illuminate\\Http\\Request))
#29 G:\\Documents\\SEMESTER 5\\DESAIN DAN PEMROGRAMAN WEB\\Praktikum\\19104082_IkadhannyYudyanPratama\\praklaravel1\\vendor\\laravel\\framework\\src\\Illuminate\\Foundation\\Http\\Kernel.php(142): Illuminate\\Pipeline\\Pipeline->then(Object(Closure))
#30 G:\\Documents\\SEMESTER 5\\DESAIN DAN PEMROGRAMAN WEB\\Praktikum\\19104082_IkadhannyYudyanPratama\\praklaravel1\\vendor\\laravel\\framework\\src\\Illuminate\\Foundation\\Http\\Kernel.php(111): Illuminate\\Foundation\\Http\\Kernel->sendRequestThroughRouter(Object(Illuminate\\Http\\Request))
#31 G:\\Documents\\SEMESTER 5\\DESAIN DAN PEMROGRAMAN WEB\\Praktikum\\19104082_IkadhannyYudyanPratama\\praklaravel1\\public\\index.php(52): Illuminate\\Foundation\\Http\\Kernel->handle(Object(Illuminate\\Http\\Request))
#32 G:\\Documents\\SEMESTER 5\\DESAIN DAN PEMROGRAMAN WEB\\Praktikum\\19104082_IkadhannyYudyanPratama\\praklaravel1\\server.php(21): require_once('G:\\\\Documents\\\\SE...')
#33 {main}

[previous exception] [object] (ReflectionException(code: -1): Class \"beranda\" does not exist at G:\\Documents\\SEMESTER 5\\DESAIN DAN PEMROGRAMAN WEB\\Praktikum\\19104082_IkadhannyYudyanPratama\\praklaravel1\\vendor\\laravel\\framework\\src\\Illuminate\\Container\\Container.php:877)
[stacktrace]
#0 G:\\Documents\\SEMESTER 5\\DESAIN DAN PEMROGRAMAN WEB\\Praktikum\\19104082_IkadhannyYudyanPratama\\praklaravel1\\vendor\\laravel\\framework\\src\\Illuminate\\Container\\Container.php(877): ReflectionClass->__construct('beranda')
#1 G:\\Documents\\SEMESTER 5\\DESAIN DAN PEMROGRAMAN WEB\\Praktikum\\19104082_IkadhannyYudyanPratama\\praklaravel1\\vendor\\laravel\\framework\\src\\Illuminate\\Container\\Container.php(758): Illuminate\\Container\\Container->build('beranda')
#2 G:\\Documents\\SEMESTER 5\\DESAIN DAN PEMROGRAMAN WEB\\Praktikum\\19104082_IkadhannyYudyanPratama\\praklaravel1\\vendor\\laravel\\framework\\src\\Illuminate\\Foundation\\Application.php(851): Illuminate\\Container\\Container->resolve('beranda', Array, true)
#3 G:\\Documents\\SEMESTER 5\\DESAIN DAN PEMROGRAMAN WEB\\Praktikum\\19104082_IkadhannyYudyanPratama\\praklaravel1\\vendor\\laravel\\framework\\src\\Illuminate\\Container\\Container.php(694): Illuminate\\Foundation\\Application->resolve('beranda', Array)
#4 G:\\Documents\\SEMESTER 5\\DESAIN DAN PEMROGRAMAN WEB\\Praktikum\\19104082_IkadhannyYudyanPratama\\praklaravel1\\vendor\\laravel\\framework\\src\\Illuminate\\Foundation\\Application.php(836): Illuminate\\Container\\Container->make('beranda', Array)
#5 G:\\Documents\\SEMESTER 5\\DESAIN DAN PEMROGRAMAN WEB\\Praktikum\\19104082_IkadhannyYudyanPratama\\praklaravel1\\vendor\\laravel\\framework\\src\\Illuminate\\Routing\\Route.php(276): Illuminate\\Foundation\\Application->make('beranda')
#6 G:\\Documents\\SEMESTER 5\\DESAIN DAN PEMROGRAMAN WEB\\Praktikum\\19104082_IkadhannyYudyanPratama\\praklaravel1\\vendor\\laravel\\framework\\src\\Illuminate\\Routing\\Route.php(1069): Illuminate\\Routing\\Route->getController()
#7 G:\\Documents\\SEMESTER 5\\DESAIN DAN PEMROGRAMAN WEB\\Praktikum\\19104082_IkadhannyYudyanPratama\\praklaravel1\\vendor\\laravel\\framework\\src\\Illuminate\\Routing\\Route.php(1012): Illuminate\\Routing\\Route->controllerMiddleware()
#8 G:\\Documents\\SEMESTER 5\\DESAIN DAN PEMROGRAMAN WEB\\Praktikum\\19104082_IkadhannyYudyanPratama\\praklaravel1\\vendor\\laravel\\framework\\src\\Illuminate\\Routing\\Router.php(734): Illuminate\\Routing\\Route->gatherMiddleware()
#9 G:\\Documents\\SEMESTER 5\\DESAIN DAN PEMROGRAMAN WEB\\Praktikum\\19104082_IkadhannyYudyanPratama\\praklaravel1\\vendor\\laravel\\framework\\src\\Illuminate\\Routing\\Router.php(714): Illuminate\\Routing\\Router->gatherRouteMiddleware(Object(Illuminate\\Routing\\Route))
#10 G:\\Documents\\SEMESTER 5\\DESAIN DAN PEMROGRAMAN WEB\\Praktikum\\19104082_IkadhannyYudyanPratama\\praklaravel1\\vendor\\laravel\\framework\\src\\Illuminate\\Routing\\Router.php(698): Illuminate\\Routing\\Router->runRouteWithinStack(Object(Illuminate\\Routing\\Route), Object(Illuminate\\Http\\Request))
#11 G:\\Documents\\SEMESTER 5\\DESAIN DAN PEMROGRAMAN WEB\\Praktikum\\19104082_IkadhannyYudyanPratama\\praklaravel1\\vendor\\laravel\\framework\\src\\Illuminate\\Routing\\Router.php(662): Illuminate\\Routing\\Router->runRoute(Object(Illuminate\\Http\\Request), Object(Illuminate\\Routing\\Route))
#12 G:\\Documents\\SEMESTER 5\\DESAIN DAN PEMROGRAMAN WEB\\Praktikum\\19104082_IkadhannyYudyanPratama\\praklaravel1\\vendor\\laravel\\framework\\src\\Illuminate\\Routing\\Router.php(651): Illuminate\\Routing\\Router->dispatchToRoute(Object(Illuminate\\Http\\Request))
#13 G:\\Documents\\SEMESTER 5\\DESAIN DAN PEMROGRAMAN WEB\\Praktikum\\19104082_IkadhannyYudyanPratama\\praklaravel1\\vendor\\laravel\\framework\\src\\Illuminate\\Foundation\\Http\\Kernel.php(167): Illuminate\\Routing\\Router->dispatch(Object(Illuminate\\Http\\Request))
#14 G:\\Documents\\SEMESTER 5\\DESAIN DAN PEMROGRAMAN WEB\\Praktikum\\19104082_IkadhannyYudyanPratama\\praklaravel1\\vendor\\laravel\\framework\\src\\Illuminate\\Pipeline\\Pipeline.php(128): Illuminate\\Foundation\\Http\\Kernel->Illuminate\\Foundation\\Http\\{closure}(Object(Illuminate\\Http\\Request))
#15 G:\\Documents\\SEMESTER 5\\DESAIN DAN PEMROGRAMAN WEB\\Praktikum\\19104082_IkadhannyYudyanPratama\\praklaravel1\\vendor\\laravel\\framework\\src\\Illuminate\\Foundation\\Http\\Middleware\\TransformsRequest.php(21): Illuminate\\Pipeline\\Pipeline->Illuminate\\Pipeline\\{closure}(Object(Illuminate\\Http\\Request))
#16 G:\\Documents\\SEMESTER 5\\DESAIN DAN PEMROGRAMAN WEB\\Praktikum\\19104082_IkadhannyYudyanPratama\\praklaravel1\\vendor\\laravel\\framework\\src\\Illuminate\\Foundation\\Http\\Middleware\\ConvertEmptyStringsToNull.php(31): Illuminate\\Foundation\\Http\\Middleware\\TransformsRequest->handle(Object(Illuminate\\Http\\Request), Object(Closure))
#17 G:\\Documents\\SEMESTER 5\\DESAIN DAN PEMROGRAMAN WEB\\Praktikum\\19104082_IkadhannyYudyanPratama\\praklaravel1\\vendor\\laravel\\framework\\src\\Illuminate\\Pipeline\\Pipeline.php(167): Illuminate\\Foundation\\Http\\Middleware\\ConvertEmptyStringsToNull->handle(Object(Illuminate\\Http\\Request), Object(Closure))
#18 G:\\Documents\\SEMESTER 5\\DESAIN DAN PEMROGRAMAN WEB\\Praktikum\\19104082_IkadhannyYudyanPratama\\praklaravel1\\vendor\\laravel\\framework\\src\\Illuminate\\Foundation\\Http\\Middleware\\TransformsRequest.php(21): Illuminate\\Pipeline\\Pipeline->Illuminate\\Pipeline\\{closure}(Object(Illuminate\\Http\\Request))
#19 G:\\Documents\\SEMESTER 5\\DESAIN DAN PEMROGRAMAN WEB\\Praktikum\\19104082_IkadhannyYudyanPratama\\praklaravel1\\vendor\\laravel\\framework\\src\\Illuminate\\Foundation\\Http\\Middleware\\TrimStrings.php(40): Illuminate\\Foundation\\Http\\Middleware\\TransformsRequest->handle(Object(Illuminate\\Http\\Request), Object(Closure))
#20 G:\\Documents\\SEMESTER 5\\DESAIN DAN PEMROGRAMAN WEB\\Praktikum\\19104082_IkadhannyYudyanPratama\\praklaravel1\\vendor\\laravel\\framework\\src\\Illuminate\\Pipeline\\Pipeline.php(167): Illuminate\\Foundation\\Http\\Middleware\\TrimStrings->handle(Object(Illuminate\\Http\\Request), Object(Closure))
#21 G:\\Documents\\SEMESTER 5\\DESAIN DAN PEMROGRAMAN WEB\\Praktikum\\19104082_IkadhannyYudyanPratama\\praklaravel1\\vendor\\laravel\\framework\\src\\Illuminate\\Foundation\\Http\\Middleware\\ValidatePostSize.php(27): Illuminate\\Pipeline\\Pipeline->Illuminate\\Pipeline\\{closure}(Object(Illuminate\\Http\\Request))
#22 G:\\Documents\\SEMESTER 5\\DESAIN DAN PEMROGRAMAN WEB\\Praktikum\\19104082_IkadhannyYudyanPratama\\praklaravel1\\vendor\\laravel\\framework\\src\\Illuminate\\Pipeline\\Pipeline.php(167): Illuminate\\Foundation\\Http\\Middleware\\ValidatePostSize->handle(Object(Illuminate\\Http\\Request), Object(Closure))
#23 G:\\Documents\\SEMESTER 5\\DESAIN DAN PEMROGRAMAN WEB\\Praktikum\\19104082_IkadhannyYudyanPratama\\praklaravel1\\vendor\\laravel\\framework\\src\\Illuminate\\Foundation\\Http\\Middleware\\PreventRequestsDuringMaintenance.php(86): Illuminate\\Pipeline\\Pipeline->Illuminate\\Pipeline\\{closure}(Object(Illuminate\\Http\\Request))
#24 G:\\Documents\\SEMESTER 5\\DESAIN DAN PEMROGRAMAN WEB\\Praktikum\\19104082_IkadhannyYudyanPratama\\praklaravel1\\vendor\\laravel\\framework\\src\\Illuminate\\Pipeline\\Pipeline.php(167): Illuminate\\Foundation\\Http\\Middleware\\PreventRequestsDuringMaintenance->handle(Object(Illuminate\\Http\\Request), Object(Closure))
#25 G:\\Documents\\SEMESTER 5\\DESAIN DAN PEMROGRAMAN WEB\\Praktikum\\19104082_IkadhannyYudyanPratama\\praklaravel1\\vendor\\fruitcake\\laravel-cors\\src\\HandleCors.php(38): Illuminate\\Pipeline\\Pipeline->Illuminate\\Pipeline\\{closure}(Object(Illuminate\\Http\\Request))
#26 G:\\Documents\\SEMESTER 5\\DESAIN DAN PEMROGRAMAN WEB\\Praktikum\\19104082_IkadhannyYudyanPratama\\praklaravel1\\vendor\\laravel\\framework\\src\\Illuminate\\Pipeline\\Pipeline.php(167): Fruitcake\\Cors\\HandleCors->handle(Object(Illuminate\\Http\\Request), Object(Closure))
#27 G:\\Documents\\SEMESTER 5\\DESAIN DAN PEMROGRAMAN WEB\\Praktikum\\19104082_IkadhannyYudyanPratama\\praklaravel1\\vendor\\laravel\\framework\\src\\Illuminate\\Http\\Middleware\\TrustProxies.php(39): Illuminate\\Pipeline\\Pipeline->Illuminate\\Pipeline\\{closure}(Object(Illuminate\\Http\\Request))
#28 G:\\Documents\\SEMESTER 5\\DESAIN DAN PEMROGRAMAN WEB\\Praktikum\\19104082_IkadhannyYudyanPratama\\praklaravel1\\vendor\\laravel\\framework\\src\\Illuminate\\Pipeline\\Pipeline.php(167): Illuminate\\Http\\Middleware\\TrustProxies->handle(Object(Illuminate\\Http\\Request), Object(Closure))
#29 G:\\Documents\\SEMESTER 5\\DESAIN DAN PEMROGRAMAN WEB\\Praktikum\\19104082_IkadhannyYudyanPratama\\praklaravel1\\vendor\\laravel\\framework\\src\\Illuminate\\Pipeline\\Pipeline.php(103): Illuminate\\Pipeline\\Pipeline->Illuminate\\Pipeline\\{closure}(Object(Illuminate\\Http\\Request))
#30 G:\\Documents\\SEMESTER 5\\DESAIN DAN PEMROGRAMAN WEB\\Praktikum\\19104082_IkadhannyYudyanPratama\\praklaravel1\\vendor\\laravel\\framework\\src\\Illuminate\\Foundation\\Http\\Kernel.php(142): Illuminate\\Pipeline\\Pipeline->then(Object(Closure))
#31 G:\\Documents\\SEMESTER 5\\DESAIN DAN PEMROGRAMAN WEB\\Praktikum\\19104082_IkadhannyYudyanPratama\\praklaravel1\\vendor\\laravel\\framework\\src\\Illuminate\\Foundation\\Http\\Kernel.php(111): Illuminate\\Foundation\\Http\\Kernel->sendRequestThroughRouter(Object(Illuminate\\Http\\Request))
#32 G:\\Documents\\SEMESTER 5\\DESAIN DAN PEMROGRAMAN WEB\\Praktikum\\19104082_IkadhannyYudyanPratama\\praklaravel1\\public\\index.php(52): Illuminate\\Foundation\\Http\\Kernel->handle(Object(Illuminate\\Http\\Request))
#33 G:\\Documents\\SEMESTER 5\\DESAIN DAN PEMROGRAMAN WEB\\Praktikum\\19104082_IkadhannyYudyanPratama\\praklaravel1\\server.php(21): require_once('G:\\\\Documents\\\\SE...')
#34 {main}
"} 
[2022-01-22 15:30:48] local.ERROR: Target class [beranda] does not exist. {"exception":"[object] (Illuminate\\Contracts\\Container\\BindingResolutionException(code: 0): Target class [beranda] does not exist. at G:\\Documents\\SEMESTER 5\\DESAIN DAN PEMROGRAMAN WEB\\Praktikum\\19104082_IkadhannyYudyanPratama\\praklaravel1\\vendor\\laravel\\framework\\src\\Illuminate\\Container\\Container.php:879)
[stacktrace]
#0 G:\\Documents\\SEMESTER 5\\DESAIN DAN PEMROGRAMAN WEB\\Praktikum\\19104082_IkadhannyYudyanPratama\\praklaravel1\\vendor\\laravel\\framework\\src\\Illuminate\\Container\\Container.php(758): Illuminate\\Container\\Container->build('beranda')
#1 G:\\Documents\\SEMESTER 5\\DESAIN DAN PEMROGRAMAN WEB\\Praktikum\\19104082_IkadhannyYudyanPratama\\praklaravel1\\vendor\\laravel\\framework\\src\\Illuminate\\Foundation\\Application.php(851): Illuminate\\Container\\Container->resolve('beranda', Array, true)
#2 G:\\Documents\\SEMESTER 5\\DESAIN DAN PEMROGRAMAN WEB\\Praktikum\\19104082_IkadhannyYudyanPratama\\praklaravel1\\vendor\\laravel\\framework\\src\\Illuminate\\Container\\Container.php(694): Illuminate\\Foundation\\Application->resolve('beranda', Array)
#3 G:\\Documents\\SEMESTER 5\\DESAIN DAN PEMROGRAMAN WEB\\Praktikum\\19104082_IkadhannyYudyanPratama\\praklaravel1\\vendor\\laravel\\framework\\src\\Illuminate\\Foundation\\Application.php(836): Illuminate\\Container\\Container->make('beranda', Array)
#4 G:\\Documents\\SEMESTER 5\\DESAIN DAN PEMROGRAMAN WEB\\Praktikum\\19104082_IkadhannyYudyanPratama\\praklaravel1\\vendor\\laravel\\framework\\src\\Illuminate\\Routing\\Route.php(276): Illuminate\\Foundation\\Application->make('beranda')
#5 G:\\Documents\\SEMESTER 5\\DESAIN DAN PEMROGRAMAN WEB\\Praktikum\\19104082_IkadhannyYudyanPratama\\praklaravel1\\vendor\\laravel\\framework\\src\\Illuminate\\Routing\\Route.php(1069): Illuminate\\Routing\\Route->getController()
#6 G:\\Documents\\SEMESTER 5\\DESAIN DAN PEMROGRAMAN WEB\\Praktikum\\19104082_IkadhannyYudyanPratama\\praklaravel1\\vendor\\laravel\\framework\\src\\Illuminate\\Routing\\Route.php(1012): Illuminate\\Routing\\Route->controllerMiddleware()
#7 G:\\Documents\\SEMESTER 5\\DESAIN DAN PEMROGRAMAN WEB\\Praktikum\\19104082_IkadhannyYudyanPratama\\praklaravel1\\vendor\\laravel\\framework\\src\\Illuminate\\Routing\\Router.php(734): Illuminate\\Routing\\Route->gatherMiddleware()
#8 G:\\Documents\\SEMESTER 5\\DESAIN DAN PEMROGRAMAN WEB\\Praktikum\\19104082_IkadhannyYudyanPratama\\praklaravel1\\vendor\\laravel\\framework\\src\\Illuminate\\Routing\\Router.php(714): Illuminate\\Routing\\Router->gatherRouteMiddleware(Object(Illuminate\\Routing\\Route))
#9 G:\\Documents\\SEMESTER 5\\DESAIN DAN PEMROGRAMAN WEB\\Praktikum\\19104082_IkadhannyYudyanPratama\\praklaravel1\\vendor\\laravel\\framework\\src\\Illuminate\\Routing\\Router.php(698): Illuminate\\Routing\\Router->runRouteWithinStack(Object(Illuminate\\Routing\\Route), Object(Illuminate\\Http\\Request))
#10 G:\\Documents\\SEMESTER 5\\DESAIN DAN PEMROGRAMAN WEB\\Praktikum\\19104082_IkadhannyYudyanPratama\\praklaravel1\\vendor\\laravel\\framework\\src\\Illuminate\\Routing\\Router.php(662): Illuminate\\Routing\\Router->runRoute(Object(Illuminate\\Http\\Request), Object(Illuminate\\Routing\\Route))
#11 G:\\Documents\\SEMESTER 5\\DESAIN DAN PEMROGRAMAN WEB\\Praktikum\\19104082_IkadhannyYudyanPratama\\praklaravel1\\vendor\\laravel\\framework\\src\\Illuminate\\Routing\\Router.php(651): Illuminate\\Routing\\Router->dispatchToRoute(Object(Illuminate\\Http\\Request))
#12 G:\\Documents\\SEMESTER 5\\DESAIN DAN PEMROGRAMAN WEB\\Praktikum\\19104082_IkadhannyYudyanPratama\\praklaravel1\\vendor\\laravel\\framework\\src\\Illuminate\\Foundation\\Http\\Kernel.php(167): Illuminate\\Routing\\Router->dispatch(Object(Illuminate\\Http\\Request))
#13 G:\\Documents\\SEMESTER 5\\DESAIN DAN PEMROGRAMAN WEB\\Praktikum\\19104082_IkadhannyYudyanPratama\\praklaravel1\\vendor\\laravel\\framework\\src\\Illuminate\\Pipeline\\Pipeline.php(128): Illuminate\\Foundation\\Http\\Kernel->Illuminate\\Foundation\\Http\\{closure}(Object(Illuminate\\Http\\Request))
#14 G:\\Documents\\SEMESTER 5\\DESAIN DAN PEMROGRAMAN WEB\\Praktikum\\19104082_IkadhannyYudyanPratama\\praklaravel1\\vendor\\laravel\\framework\\src\\Illuminate\\Foundation\\Http\\Middleware\\TransformsRequest.php(21): Illuminate\\Pipeline\\Pipeline->Illuminate\\Pipeline\\{closure}(Object(Illuminate\\Http\\Request))
#15 G:\\Documents\\SEMESTER 5\\DESAIN DAN PEMROGRAMAN WEB\\Praktikum\\19104082_IkadhannyYudyanPratama\\praklaravel1\\vendor\\laravel\\framework\\src\\Illuminate\\Foundation\\Http\\Middleware\\ConvertEmptyStringsToNull.php(31): Illuminate\\Foundation\\Http\\Middleware\\TransformsRequest->handle(Object(Illuminate\\Http\\Request), Object(Closure))
#16 G:\\Documents\\SEMESTER 5\\DESAIN DAN PEMROGRAMAN WEB\\Praktikum\\19104082_IkadhannyYudyanPratama\\praklaravel1\\vendor\\laravel\\framework\\src\\Illuminate\\Pipeline\\Pipeline.php(167): Illuminate\\Foundation\\Http\\Middleware\\ConvertEmptyStringsToNull->handle(Object(Illuminate\\Http\\Request), Object(Closure))
#17 G:\\Documents\\SEMESTER 5\\DESAIN DAN PEMROGRAMAN WEB\\Praktikum\\19104082_IkadhannyYudyanPratama\\praklaravel1\\vendor\\laravel\\framework\\src\\Illuminate\\Foundation\\Http\\Middleware\\TransformsRequest.php(21): Illuminate\\Pipeline\\Pipeline->Illuminate\\Pipeline\\{closure}(Object(Illuminate\\Http\\Request))
#18 G:\\Documents\\SEMESTER 5\\DESAIN DAN PEMROGRAMAN WEB\\Praktikum\\19104082_IkadhannyYudyanPratama\\praklaravel1\\vendor\\laravel\\framework\\src\\Illuminate\\Foundation\\Http\\Middleware\\TrimStrings.php(40): Illuminate\\Foundation\\Http\\Middleware\\TransformsRequest->handle(Object(Illuminate\\Http\\Request), Object(Closure))
#19 G:\\Documents\\SEMESTER 5\\DESAIN DAN PEMROGRAMAN WEB\\Praktikum\\19104082_IkadhannyYudyanPratama\\praklaravel1\\vendor\\laravel\\framework\\src\\Illuminate\\Pipeline\\Pipeline.php(167): Illuminate\\Foundation\\Http\\Middleware\\TrimStrings->handle(Object(Illuminate\\Http\\Request), Object(Closure))
#20 G:\\Documents\\SEMESTER 5\\DESAIN DAN PEMROGRAMAN WEB\\Praktikum\\19104082_IkadhannyYudyanPratama\\praklaravel1\\vendor\\laravel\\framework\\src\\Illuminate\\Foundation\\Http\\Middleware\\ValidatePostSize.php(27): Illuminate\\Pipeline\\Pipeline->Illuminate\\Pipeline\\{closure}(Object(Illuminate\\Http\\Request))
#21 G:\\Documents\\SEMESTER 5\\DESAIN DAN PEMROGRAMAN WEB\\Praktikum\\19104082_IkadhannyYudyanPratama\\praklaravel1\\vendor\\laravel\\framework\\src\\Illuminate\\Pipeline\\Pipeline.php(167): Illuminate\\Foundation\\Http\\Middleware\\ValidatePostSize->handle(Object(Illuminate\\Http\\Request), Object(Closure))
#22 G:\\Documents\\SEMESTER 5\\DESAIN DAN PEMROGRAMAN WEB\\Praktikum\\19104082_IkadhannyYudyanPratama\\praklaravel1\\vendor\\laravel\\framework\\src\\Illuminate\\Foundation\\Http\\Middleware\\PreventRequestsDuringMaintenance.php(86): Illuminate\\Pipeline\\Pipeline->Illuminate\\Pipeline\\{closure}(Object(Illuminate\\Http\\Request))
#23 G:\\Documents\\SEMESTER 5\\DESAIN DAN PEMROGRAMAN WEB\\Praktikum\\19104082_IkadhannyYudyanPratama\\praklaravel1\\vendor\\laravel\\framework\\src\\Illuminate\\Pipeline\\Pipeline.php(167): Illuminate\\Foundation\\Http\\Middleware\\PreventRequestsDuringMaintenance->handle(Object(Illuminate\\Http\\Request), Object(Closure))
#24 G:\\Documents\\SEMESTER 5\\DESAIN DAN PEMROGRAMAN WEB\\Praktikum\\19104082_IkadhannyYudyanPratama\\praklaravel1\\vendor\\fruitcake\\laravel-cors\\src\\HandleCors.php(38): Illuminate\\Pipeline\\Pipeline->Illuminate\\Pipeline\\{closure}(Object(Illuminate\\Http\\Request))
#25 G:\\Documents\\SEMESTER 5\\DESAIN DAN PEMROGRAMAN WEB\\Praktikum\\19104082_IkadhannyYudyanPratama\\praklaravel1\\vendor\\laravel\\framework\\src\\Illuminate\\Pipeline\\Pipeline.php(167): Fruitcake\\Cors\\HandleCors->handle(Object(Illuminate\\Http\\Request), Object(Closure))
#26 G:\\Documents\\SEMESTER 5\\DESAIN DAN PEMROGRAMAN WEB\\Praktikum\\19104082_IkadhannyYudyanPratama\\praklaravel1\\vendor\\laravel\\framework\\src\\Illuminate\\Http\\Middleware\\TrustProxies.php(39): Illuminate\\Pipeline\\Pipeline->Illuminate\\Pipeline\\{closure}(Object(Illuminate\\Http\\Request))
#27 G:\\Documents\\SEMESTER 5\\DESAIN DAN PEMROGRAMAN WEB\\Praktikum\\19104082_IkadhannyYudyanPratama\\praklaravel1\\vendor\\laravel\\framework\\src\\Illuminate\\Pipeline\\Pipeline.php(167): Illuminate\\Http\\Middleware\\TrustProxies->handle(Object(Illuminate\\Http\\Request), Object(Closure))
#28 G:\\Documents\\SEMESTER 5\\DESAIN DAN PEMROGRAMAN WEB\\Praktikum\\19104082_IkadhannyYudyanPratama\\praklaravel1\\vendor\\laravel\\framework\\src\\Illuminate\\Pipeline\\Pipeline.php(103): Illuminate\\Pipeline\\Pipeline->Illuminate\\Pipeline\\{closure}(Object(Illuminate\\Http\\Request))
#29 G:\\Documents\\SEMESTER 5\\DESAIN DAN PEMROGRAMAN WEB\\Praktikum\\19104082_IkadhannyYudyanPratama\\praklaravel1\\vendor\\laravel\\framework\\src\\Illuminate\\Foundation\\Http\\Kernel.php(142): Illuminate\\Pipeline\\Pipeline->then(Object(Closure))
#30 G:\\Documents\\SEMESTER 5\\DESAIN DAN PEMROGRAMAN WEB\\Praktikum\\19104082_IkadhannyYudyanPratama\\praklaravel1\\vendor\\laravel\\framework\\src\\Illuminate\\Foundation\\Http\\Kernel.php(111): Illuminate\\Foundation\\Http\\Kernel->sendRequestThroughRouter(Object(Illuminate\\Http\\Request))
#31 G:\\Documents\\SEMESTER 5\\DESAIN DAN PEMROGRAMAN WEB\\Praktikum\\19104082_IkadhannyYudyanPratama\\praklaravel1\\public\\index.php(52): Illuminate\\Foundation\\Http\\Kernel->handle(Object(Illuminate\\Http\\Request))
#32 G:\\Documents\\SEMESTER 5\\DESAIN DAN PEMROGRAMAN WEB\\Praktikum\\19104082_IkadhannyYudyanPratama\\praklaravel1\\server.php(21): require_once('G:\\\\Documents\\\\SE...')
#33 {main}

[previous exception] [object] (ReflectionException(code: -1): Class \"beranda\" does not exist at G:\\Documents\\SEMESTER 5\\DESAIN DAN PEMROGRAMAN WEB\\Praktikum\\19104082_IkadhannyYudyanPratama\\praklaravel1\\vendor\\laravel\\framework\\src\\Illuminate\\Container\\Container.php:877)
[stacktrace]
#0 G:\\Documents\\SEMESTER 5\\DESAIN DAN PEMROGRAMAN WEB\\Praktikum\\19104082_IkadhannyYudyanPratama\\praklaravel1\\vendor\\laravel\\framework\\src\\Illuminate\\Container\\Container.php(877): ReflectionClass->__construct('beranda')
#1 G:\\Documents\\SEMESTER 5\\DESAIN DAN PEMROGRAMAN WEB\\Praktikum\\19104082_IkadhannyYudyanPratama\\praklaravel1\\vendor\\laravel\\framework\\src\\Illuminate\\Container\\Container.php(758): Illuminate\\Container\\Container->build('beranda')
#2 G:\\Documents\\SEMESTER 5\\DESAIN DAN PEMROGRAMAN WEB\\Praktikum\\19104082_IkadhannyYudyanPratama\\praklaravel1\\vendor\\laravel\\framework\\src\\Illuminate\\Foundation\\Application.php(851): Illuminate\\Container\\Container->resolve('beranda', Array, true)
#3 G:\\Documents\\SEMESTER 5\\DESAIN DAN PEMROGRAMAN WEB\\Praktikum\\19104082_IkadhannyYudyanPratama\\praklaravel1\\vendor\\laravel\\framework\\src\\Illuminate\\Container\\Container.php(694): Illuminate\\Foundation\\Application->resolve('beranda', Array)
#4 G:\\Documents\\SEMESTER 5\\DESAIN DAN PEMROGRAMAN WEB\\Praktikum\\19104082_IkadhannyYudyanPratama\\praklaravel1\\vendor\\laravel\\framework\\src\\Illuminate\\Foundation\\Application.php(836): Illuminate\\Container\\Container->make('beranda', Array)
#5 G:\\Documents\\SEMESTER 5\\DESAIN DAN PEMROGRAMAN WEB\\Praktikum\\19104082_IkadhannyYudyanPratama\\praklaravel1\\vendor\\laravel\\framework\\src\\Illuminate\\Routing\\Route.php(276): Illuminate\\Foundation\\Application->make('beranda')
#6 G:\\Documents\\SEMESTER 5\\DESAIN DAN PEMROGRAMAN WEB\\Praktikum\\19104082_IkadhannyYudyanPratama\\praklaravel1\\vendor\\laravel\\framework\\src\\Illuminate\\Routing\\Route.php(1069): Illuminate\\Routing\\Route->getController()
#7 G:\\Documents\\SEMESTER 5\\DESAIN DAN PEMROGRAMAN WEB\\Praktikum\\19104082_IkadhannyYudyanPratama\\praklaravel1\\vendor\\laravel\\framework\\src\\Illuminate\\Routing\\Route.php(1012): Illuminate\\Routing\\Route->controllerMiddleware()
#8 G:\\Documents\\SEMESTER 5\\DESAIN DAN PEMROGRAMAN WEB\\Praktikum\\19104082_IkadhannyYudyanPratama\\praklaravel1\\vendor\\laravel\\framework\\src\\Illuminate\\Routing\\Router.php(734): Illuminate\\Routing\\Route->gatherMiddleware()
#9 G:\\Documents\\SEMESTER 5\\DESAIN DAN PEMROGRAMAN WEB\\Praktikum\\19104082_IkadhannyYudyanPratama\\praklaravel1\\vendor\\laravel\\framework\\src\\Illuminate\\Routing\\Router.php(714): Illuminate\\Routing\\Router->gatherRouteMiddleware(Object(Illuminate\\Routing\\Route))
#10 G:\\Documents\\SEMESTER 5\\DESAIN DAN PEMROGRAMAN WEB\\Praktikum\\19104082_IkadhannyYudyanPratama\\praklaravel1\\vendor\\laravel\\framework\\src\\Illuminate\\Routing\\Router.php(698): Illuminate\\Routing\\Router->runRouteWithinStack(Object(Illuminate\\Routing\\Route), Object(Illuminate\\Http\\Request))
#11 G:\\Documents\\SEMESTER 5\\DESAIN DAN PEMROGRAMAN WEB\\Praktikum\\19104082_IkadhannyYudyanPratama\\praklaravel1\\vendor\\laravel\\framework\\src\\Illuminate\\Routing\\Router.php(662): Illuminate\\Routing\\Router->runRoute(Object(Illuminate\\Http\\Request), Object(Illuminate\\Routing\\Route))
#12 G:\\Documents\\SEMESTER 5\\DESAIN DAN PEMROGRAMAN WEB\\Praktikum\\19104082_IkadhannyYudyanPratama\\praklaravel1\\vendor\\laravel\\framework\\src\\Illuminate\\Routing\\Router.php(651): Illuminate\\Routing\\Router->dispatchToRoute(Object(Illuminate\\Http\\Request))
#13 G:\\Documents\\SEMESTER 5\\DESAIN DAN PEMROGRAMAN WEB\\Praktikum\\19104082_IkadhannyYudyanPratama\\praklaravel1\\vendor\\laravel\\framework\\src\\Illuminate\\Foundation\\Http\\Kernel.php(167): Illuminate\\Routing\\Router->dispatch(Object(Illuminate\\Http\\Request))
#14 G:\\Documents\\SEMESTER 5\\DESAIN DAN PEMROGRAMAN WEB\\Praktikum\\19104082_IkadhannyYudyanPratama\\praklaravel1\\vendor\\laravel\\framework\\src\\Illuminate\\Pipeline\\Pipeline.php(128): Illuminate\\Foundation\\Http\\Kernel->Illuminate\\Foundation\\Http\\{closure}(Object(Illuminate\\Http\\Request))
#15 G:\\Documents\\SEMESTER 5\\DESAIN DAN PEMROGRAMAN WEB\\Praktikum\\19104082_IkadhannyYudyanPratama\\praklaravel1\\vendor\\laravel\\framework\\src\\Illuminate\\Foundation\\Http\\Middleware\\TransformsRequest.php(21): Illuminate\\Pipeline\\Pipeline->Illuminate\\Pipeline\\{closure}(Object(Illuminate\\Http\\Request))
#16 G:\\Documents\\SEMESTER 5\\DESAIN DAN PEMROGRAMAN WEB\\Praktikum\\19104082_IkadhannyYudyanPratama\\praklaravel1\\vendor\\laravel\\framework\\src\\Illuminate\\Foundation\\Http\\Middleware\\ConvertEmptyStringsToNull.php(31): Illuminate\\Foundation\\Http\\Middleware\\TransformsRequest->handle(Object(Illuminate\\Http\\Request), Object(Closure))
#17 G:\\Documents\\SEMESTER 5\\DESAIN DAN PEMROGRAMAN WEB\\Praktikum\\19104082_IkadhannyYudyanPratama\\praklaravel1\\vendor\\laravel\\framework\\src\\Illuminate\\Pipeline\\Pipeline.php(167): Illuminate\\Foundation\\Http\\Middleware\\ConvertEmptyStringsToNull->handle(Object(Illuminate\\Http\\Request), Object(Closure))
#18 G:\\Documents\\SEMESTER 5\\DESAIN DAN PEMROGRAMAN WEB\\Praktikum\\19104082_IkadhannyYudyanPratama\\praklaravel1\\vendor\\laravel\\framework\\src\\Illuminate\\Foundation\\Http\\Middleware\\TransformsRequest.php(21): Illuminate\\Pipeline\\Pipeline->Illuminate\\Pipeline\\{closure}(Object(Illuminate\\Http\\Request))
#19 G:\\Documents\\SEMESTER 5\\DESAIN DAN PEMROGRAMAN WEB\\Praktikum\\19104082_IkadhannyYudyanPratama\\praklaravel1\\vendor\\laravel\\framework\\src\\Illuminate\\Foundation\\Http\\Middleware\\TrimStrings.php(40): Illuminate\\Foundation\\Http\\Middleware\\TransformsRequest->handle(Object(Illuminate\\Http\\Request), Object(Closure))
#20 G:\\Documents\\SEMESTER 5\\DESAIN DAN PEMROGRAMAN WEB\\Praktikum\\19104082_IkadhannyYudyanPratama\\praklaravel1\\vendor\\laravel\\framework\\src\\Illuminate\\Pipeline\\Pipeline.php(167): Illuminate\\Foundation\\Http\\Middleware\\TrimStrings->handle(Object(Illuminate\\Http\\Request), Object(Closure))
#21 G:\\Documents\\SEMESTER 5\\DESAIN DAN PEMROGRAMAN WEB\\Praktikum\\19104082_IkadhannyYudyanPratama\\praklaravel1\\vendor\\laravel\\framework\\src\\Illuminate\\Foundation\\Http\\Middleware\\ValidatePostSize.php(27): Illuminate\\Pipeline\\Pipeline->Illuminate\\Pipeline\\{closure}(Object(Illuminate\\Http\\Request))
#22 G:\\Documents\\SEMESTER 5\\DESAIN DAN PEMROGRAMAN WEB\\Praktikum\\19104082_IkadhannyYudyanPratama\\praklaravel1\\vendor\\laravel\\framework\\src\\Illuminate\\Pipeline\\Pipeline.php(167): Illuminate\\Foundation\\Http\\Middleware\\ValidatePostSize->handle(Object(Illuminate\\Http\\Request), Object(Closure))
#23 G:\\Documents\\SEMESTER 5\\DESAIN DAN PEMROGRAMAN WEB\\Praktikum\\19104082_IkadhannyYudyanPratama\\praklaravel1\\vendor\\laravel\\framework\\src\\Illuminate\\Foundation\\Http\\Middleware\\PreventRequestsDuringMaintenance.php(86): Illuminate\\Pipeline\\Pipeline->Illuminate\\Pipeline\\{closure}(Object(Illuminate\\Http\\Request))
#24 G:\\Documents\\SEMESTER 5\\DESAIN DAN PEMROGRAMAN WEB\\Praktikum\\19104082_IkadhannyYudyanPratama\\praklaravel1\\vendor\\laravel\\framework\\src\\Illuminate\\Pipeline\\Pipeline.php(167): Illuminate\\Foundation\\Http\\Middleware\\PreventRequestsDuringMaintenance->handle(Object(Illuminate\\Http\\Request), Object(Closure))
#25 G:\\Documents\\SEMESTER 5\\DESAIN DAN PEMROGRAMAN WEB\\Praktikum\\19104082_IkadhannyYudyanPratama\\praklaravel1\\vendor\\fruitcake\\laravel-cors\\src\\HandleCors.php(38): Illuminate\\Pipeline\\Pipeline->Illuminate\\Pipeline\\{closure}(Object(Illuminate\\Http\\Request))
#26 G:\\Documents\\SEMESTER 5\\DESAIN DAN PEMROGRAMAN WEB\\Praktikum\\19104082_IkadhannyYudyanPratama\\praklaravel1\\vendor\\laravel\\framework\\src\\Illuminate\\Pipeline\\Pipeline.php(167): Fruitcake\\Cors\\HandleCors->handle(Object(Illuminate\\Http\\Request), Object(Closure))
#27 G:\\Documents\\SEMESTER 5\\DESAIN DAN PEMROGRAMAN WEB\\Praktikum\\19104082_IkadhannyYudyanPratama\\praklaravel1\\vendor\\laravel\\framework\\src\\Illuminate\\Http\\Middleware\\TrustProxies.php(39): Illuminate\\Pipeline\\Pipeline->Illuminate\\Pipeline\\{closure}(Object(Illuminate\\Http\\Request))
#28 G:\\Documents\\SEMESTER 5\\DESAIN DAN PEMROGRAMAN WEB\\Praktikum\\19104082_IkadhannyYudyanPratama\\praklaravel1\\vendor\\laravel\\framework\\src\\Illuminate\\Pipeline\\Pipeline.php(167): Illuminate\\Http\\Middleware\\TrustProxies->handle(Object(Illuminate\\Http\\Request), Object(Closure))
#29 G:\\Documents\\SEMESTER 5\\DESAIN DAN PEMROGRAMAN WEB\\Praktikum\\19104082_IkadhannyYudyanPratama\\praklaravel1\\vendor\\laravel\\framework\\src\\Illuminate\\Pipeline\\Pipeline.php(103): Illuminate\\Pipeline\\Pipeline->Illuminate\\Pipeline\\{closure}(Object(Illuminate\\Http\\Request))
#30 G:\\Documents\\SEMESTER 5\\DESAIN DAN PEMROGRAMAN WEB\\Praktikum\\19104082_IkadhannyYudyanPratama\\praklaravel1\\vendor\\laravel\\framework\\src\\Illuminate\\Foundation\\Http\\Kernel.php(142): Illuminate\\Pipeline\\Pipeline->then(Object(Closure))
#31 G:\\Documents\\SEMESTER 5\\DESAIN DAN PEMROGRAMAN WEB\\Praktikum\\19104082_IkadhannyYudyanPratama\\praklaravel1\\vendor\\laravel\\framework\\src\\Illuminate\\Foundation\\Http\\Kernel.php(111): Illuminate\\Foundation\\Http\\Kernel->sendRequestThroughRouter(Object(Illuminate\\Http\\Request))
#32 G:\\Documents\\SEMESTER 5\\DESAIN DAN PEMROGRAMAN WEB\\Praktikum\\19104082_IkadhannyYudyanPratama\\praklaravel1\\public\\index.php(52): Illuminate\\Foundation\\Http\\Kernel->handle(Object(Illuminate\\Http\\Request))
#33 G:\\Documents\\SEMESTER 5\\DESAIN DAN PEMROGRAMAN WEB\\Praktikum\\19104082_IkadhannyYudyanPratama\\praklaravel1\\server.php(21): require_once('G:\\\\Documents\\\\SE...')
#34 {main}
"} 
[2022-01-22 15:30:59] local.ERROR: Target class [beranda] does not exist. {"exception":"[object] (Illuminate\\Contracts\\Container\\BindingResolutionException(code: 0): Target class [beranda] does not exist. at G:\\Documents\\SEMESTER 5\\DESAIN DAN PEMROGRAMAN WEB\\Praktikum\\19104082_IkadhannyYudyanPratama\\praklaravel1\\vendor\\laravel\\framework\\src\\Illuminate\\Container\\Container.php:879)
[stacktrace]
#0 G:\\Documents\\SEMESTER 5\\DESAIN DAN PEMROGRAMAN WEB\\Praktikum\\19104082_IkadhannyYudyanPratama\\praklaravel1\\vendor\\laravel\\framework\\src\\Illuminate\\Container\\Container.php(758): Illuminate\\Container\\Container->build('beranda')
#1 G:\\Documents\\SEMESTER 5\\DESAIN DAN PEMROGRAMAN WEB\\Praktikum\\19104082_IkadhannyYudyanPratama\\praklaravel1\\vendor\\laravel\\framework\\src\\Illuminate\\Foundation\\Application.php(851): Illuminate\\Container\\Container->resolve('beranda', Array, true)
#2 G:\\Documents\\SEMESTER 5\\DESAIN DAN PEMROGRAMAN WEB\\Praktikum\\19104082_IkadhannyYudyanPratama\\praklaravel1\\vendor\\laravel\\framework\\src\\Illuminate\\Container\\Container.php(694): Illuminate\\Foundation\\Application->resolve('beranda', Array)
#3 G:\\Documents\\SEMESTER 5\\DESAIN DAN PEMROGRAMAN WEB\\Praktikum\\19104082_IkadhannyYudyanPratama\\praklaravel1\\vendor\\laravel\\framework\\src\\Illuminate\\Foundation\\Application.php(836): Illuminate\\Container\\Container->make('beranda', Array)
#4 G:\\Documents\\SEMESTER 5\\DESAIN DAN PEMROGRAMAN WEB\\Praktikum\\19104082_IkadhannyYudyanPratama\\praklaravel1\\vendor\\laravel\\framework\\src\\Illuminate\\Routing\\Route.php(276): Illuminate\\Foundation\\Application->make('beranda')
#5 G:\\Documents\\SEMESTER 5\\DESAIN DAN PEMROGRAMAN WEB\\Praktikum\\19104082_IkadhannyYudyanPratama\\praklaravel1\\vendor\\laravel\\framework\\src\\Illuminate\\Routing\\Route.php(1069): Illuminate\\Routing\\Route->getController()
#6 G:\\Documents\\SEMESTER 5\\DESAIN DAN PEMROGRAMAN WEB\\Praktikum\\19104082_IkadhannyYudyanPratama\\praklaravel1\\vendor\\laravel\\framework\\src\\Illuminate\\Routing\\Route.php(1012): Illuminate\\Routing\\Route->controllerMiddleware()
#7 G:\\Documents\\SEMESTER 5\\DESAIN DAN PEMROGRAMAN WEB\\Praktikum\\19104082_IkadhannyYudyanPratama\\praklaravel1\\vendor\\laravel\\framework\\src\\Illuminate\\Routing\\Router.php(734): Illuminate\\Routing\\Route->gatherMiddleware()
#8 G:\\Documents\\SEMESTER 5\\DESAIN DAN PEMROGRAMAN WEB\\Praktikum\\19104082_IkadhannyYudyanPratama\\praklaravel1\\vendor\\laravel\\framework\\src\\Illuminate\\Routing\\Router.php(714): Illuminate\\Routing\\Router->gatherRouteMiddleware(Object(Illuminate\\Routing\\Route))
#9 G:\\Documents\\SEMESTER 5\\DESAIN DAN PEMROGRAMAN WEB\\Praktikum\\19104082_IkadhannyYudyanPratama\\praklaravel1\\vendor\\laravel\\framework\\src\\Illuminate\\Routing\\Router.php(698): Illuminate\\Routing\\Router->runRouteWithinStack(Object(Illuminate\\Routing\\Route), Object(Illuminate\\Http\\Request))
#10 G:\\Documents\\SEMESTER 5\\DESAIN DAN PEMROGRAMAN WEB\\Praktikum\\19104082_IkadhannyYudyanPratama\\praklaravel1\\vendor\\laravel\\framework\\src\\Illuminate\\Routing\\Router.php(662): Illuminate\\Routing\\Router->runRoute(Object(Illuminate\\Http\\Request), Object(Illuminate\\Routing\\Route))
#11 G:\\Documents\\SEMESTER 5\\DESAIN DAN PEMROGRAMAN WEB\\Praktikum\\19104082_IkadhannyYudyanPratama\\praklaravel1\\vendor\\laravel\\framework\\src\\Illuminate\\Routing\\Router.php(651): Illuminate\\Routing\\Router->dispatchToRoute(Object(Illuminate\\Http\\Request))
#12 G:\\Documents\\SEMESTER 5\\DESAIN DAN PEMROGRAMAN WEB\\Praktikum\\19104082_IkadhannyYudyanPratama\\praklaravel1\\vendor\\laravel\\framework\\src\\Illuminate\\Foundation\\Http\\Kernel.php(167): Illuminate\\Routing\\Router->dispatch(Object(Illuminate\\Http\\Request))
#13 G:\\Documents\\SEMESTER 5\\DESAIN DAN PEMROGRAMAN WEB\\Praktikum\\19104082_IkadhannyYudyanPratama\\praklaravel1\\vendor\\laravel\\framework\\src\\Illuminate\\Pipeline\\Pipeline.php(128): Illuminate\\Foundation\\Http\\Kernel->Illuminate\\Foundation\\Http\\{closure}(Object(Illuminate\\Http\\Request))
#14 G:\\Documents\\SEMESTER 5\\DESAIN DAN PEMROGRAMAN WEB\\Praktikum\\19104082_IkadhannyYudyanPratama\\praklaravel1\\vendor\\laravel\\framework\\src\\Illuminate\\Foundation\\Http\\Middleware\\TransformsRequest.php(21): Illuminate\\Pipeline\\Pipeline->Illuminate\\Pipeline\\{closure}(Object(Illuminate\\Http\\Request))
#15 G:\\Documents\\SEMESTER 5\\DESAIN DAN PEMROGRAMAN WEB\\Praktikum\\19104082_IkadhannyYudyanPratama\\praklaravel1\\vendor\\laravel\\framework\\src\\Illuminate\\Foundation\\Http\\Middleware\\ConvertEmptyStringsToNull.php(31): Illuminate\\Foundation\\Http\\Middleware\\TransformsRequest->handle(Object(Illuminate\\Http\\Request), Object(Closure))
#16 G:\\Documents\\SEMESTER 5\\DESAIN DAN PEMROGRAMAN WEB\\Praktikum\\19104082_IkadhannyYudyanPratama\\praklaravel1\\vendor\\laravel\\framework\\src\\Illuminate\\Pipeline\\Pipeline.php(167): Illuminate\\Foundation\\Http\\Middleware\\ConvertEmptyStringsToNull->handle(Object(Illuminate\\Http\\Request), Object(Closure))
#17 G:\\Documents\\SEMESTER 5\\DESAIN DAN PEMROGRAMAN WEB\\Praktikum\\19104082_IkadhannyYudyanPratama\\praklaravel1\\vendor\\laravel\\framework\\src\\Illuminate\\Foundation\\Http\\Middleware\\TransformsRequest.php(21): Illuminate\\Pipeline\\Pipeline->Illuminate\\Pipeline\\{closure}(Object(Illuminate\\Http\\Request))
#18 G:\\Documents\\SEMESTER 5\\DESAIN DAN PEMROGRAMAN WEB\\Praktikum\\19104082_IkadhannyYudyanPratama\\praklaravel1\\vendor\\laravel\\framework\\src\\Illuminate\\Foundation\\Http\\Middleware\\TrimStrings.php(40): Illuminate\\Foundation\\Http\\Middleware\\TransformsRequest->handle(Object(Illuminate\\Http\\Request), Object(Closure))
#19 G:\\Documents\\SEMESTER 5\\DESAIN DAN PEMROGRAMAN WEB\\Praktikum\\19104082_IkadhannyYudyanPratama\\praklaravel1\\vendor\\laravel\\framework\\src\\Illuminate\\Pipeline\\Pipeline.php(167): Illuminate\\Foundation\\Http\\Middleware\\TrimStrings->handle(Object(Illuminate\\Http\\Request), Object(Closure))
#20 G:\\Documents\\SEMESTER 5\\DESAIN DAN PEMROGRAMAN WEB\\Praktikum\\19104082_IkadhannyYudyanPratama\\praklaravel1\\vendor\\laravel\\framework\\src\\Illuminate\\Foundation\\Http\\Middleware\\ValidatePostSize.php(27): Illuminate\\Pipeline\\Pipeline->Illuminate\\Pipeline\\{closure}(Object(Illuminate\\Http\\Request))
#21 G:\\Documents\\SEMESTER 5\\DESAIN DAN PEMROGRAMAN WEB\\Praktikum\\19104082_IkadhannyYudyanPratama\\praklaravel1\\vendor\\laravel\\framework\\src\\Illuminate\\Pipeline\\Pipeline.php(167): Illuminate\\Foundation\\Http\\Middleware\\ValidatePostSize->handle(Object(Illuminate\\Http\\Request), Object(Closure))
#22 G:\\Documents\\SEMESTER 5\\DESAIN DAN PEMROGRAMAN WEB\\Praktikum\\19104082_IkadhannyYudyanPratama\\praklaravel1\\vendor\\laravel\\framework\\src\\Illuminate\\Foundation\\Http\\Middleware\\PreventRequestsDuringMaintenance.php(86): Illuminate\\Pipeline\\Pipeline->Illuminate\\Pipeline\\{closure}(Object(Illuminate\\Http\\Request))
#23 G:\\Documents\\SEMESTER 5\\DESAIN DAN PEMROGRAMAN WEB\\Praktikum\\19104082_IkadhannyYudyanPratama\\praklaravel1\\vendor\\laravel\\framework\\src\\Illuminate\\Pipeline\\Pipeline.php(167): Illuminate\\Foundation\\Http\\Middleware\\PreventRequestsDuringMaintenance->handle(Object(Illuminate\\Http\\Request), Object(Closure))
#24 G:\\Documents\\SEMESTER 5\\DESAIN DAN PEMROGRAMAN WEB\\Praktikum\\19104082_IkadhannyYudyanPratama\\praklaravel1\\vendor\\fruitcake\\laravel-cors\\src\\HandleCors.php(38): Illuminate\\Pipeline\\Pipeline->Illuminate\\Pipeline\\{closure}(Object(Illuminate\\Http\\Request))
#25 G:\\Documents\\SEMESTER 5\\DESAIN DAN PEMROGRAMAN WEB\\Praktikum\\19104082_IkadhannyYudyanPratama\\praklaravel1\\vendor\\laravel\\framework\\src\\Illuminate\\Pipeline\\Pipeline.php(167): Fruitcake\\Cors\\HandleCors->handle(Object(Illuminate\\Http\\Request), Object(Closure))
#26 G:\\Documents\\SEMESTER 5\\DESAIN DAN PEMROGRAMAN WEB\\Praktikum\\19104082_IkadhannyYudyanPratama\\praklaravel1\\vendor\\laravel\\framework\\src\\Illuminate\\Http\\Middleware\\TrustProxies.php(39): Illuminate\\Pipeline\\Pipeline->Illuminate\\Pipeline\\{closure}(Object(Illuminate\\Http\\Request))
#27 G:\\Documents\\SEMESTER 5\\DESAIN DAN PEMROGRAMAN WEB\\Praktikum\\19104082_IkadhannyYudyanPratama\\praklaravel1\\vendor\\laravel\\framework\\src\\Illuminate\\Pipeline\\Pipeline.php(167): Illuminate\\Http\\Middleware\\TrustProxies->handle(Object(Illuminate\\Http\\Request), Object(Closure))
#28 G:\\Documents\\SEMESTER 5\\DESAIN DAN PEMROGRAMAN WEB\\Praktikum\\19104082_IkadhannyYudyanPratama\\praklaravel1\\vendor\\laravel\\framework\\src\\Illuminate\\Pipeline\\Pipeline.php(103): Illuminate\\Pipeline\\Pipeline->Illuminate\\Pipeline\\{closure}(Object(Illuminate\\Http\\Request))
#29 G:\\Documents\\SEMESTER 5\\DESAIN DAN PEMROGRAMAN WEB\\Praktikum\\19104082_IkadhannyYudyanPratama\\praklaravel1\\vendor\\laravel\\framework\\src\\Illuminate\\Foundation\\Http\\Kernel.php(142): Illuminate\\Pipeline\\Pipeline->then(Object(Closure))
#30 G:\\Documents\\SEMESTER 5\\DESAIN DAN PEMROGRAMAN WEB\\Praktikum\\19104082_IkadhannyYudyanPratama\\praklaravel1\\vendor\\laravel\\framework\\src\\Illuminate\\Foundation\\Http\\Kernel.php(111): Illuminate\\Foundation\\Http\\Kernel->sendRequestThroughRouter(Object(Illuminate\\Http\\Request))
#31 G:\\Documents\\SEMESTER 5\\DESAIN DAN PEMROGRAMAN WEB\\Praktikum\\19104082_IkadhannyYudyanPratama\\praklaravel1\\public\\index.php(52): Illuminate\\Foundation\\Http\\Kernel->handle(Object(Illuminate\\Http\\Request))
#32 G:\\Documents\\SEMESTER 5\\DESAIN DAN PEMROGRAMAN WEB\\Praktikum\\19104082_IkadhannyYudyanPratama\\praklaravel1\\server.php(21): require_once('G:\\\\Documents\\\\SE...')
#33 {main}

[previous exception] [object] (ReflectionException(code: -1): Class \"beranda\" does not exist at G:\\Documents\\SEMESTER 5\\DESAIN DAN PEMROGRAMAN WEB\\Praktikum\\19104082_IkadhannyYudyanPratama\\praklaravel1\\vendor\\laravel\\framework\\src\\Illuminate\\Container\\Container.php:877)
[stacktrace]
#0 G:\\Documents\\SEMESTER 5\\DESAIN DAN PEMROGRAMAN WEB\\Praktikum\\19104082_IkadhannyYudyanPratama\\praklaravel1\\vendor\\laravel\\framework\\src\\Illuminate\\Container\\Container.php(877): ReflectionClass->__construct('beranda')
#1 G:\\Documents\\SEMESTER 5\\DESAIN DAN PEMROGRAMAN WEB\\Praktikum\\19104082_IkadhannyYudyanPratama\\praklaravel1\\vendor\\laravel\\framework\\src\\Illuminate\\Container\\Container.php(758): Illuminate\\Container\\Container->build('beranda')
#2 G:\\Documents\\SEMESTER 5\\DESAIN DAN PEMROGRAMAN WEB\\Praktikum\\19104082_IkadhannyYudyanPratama\\praklaravel1\\vendor\\laravel\\framework\\src\\Illuminate\\Foundation\\Application.php(851): Illuminate\\Container\\Container->resolve('beranda', Array, true)
#3 G:\\Documents\\SEMESTER 5\\DESAIN DAN PEMROGRAMAN WEB\\Praktikum\\19104082_IkadhannyYudyanPratama\\praklaravel1\\vendor\\laravel\\framework\\src\\Illuminate\\Container\\Container.php(694): Illuminate\\Foundation\\Application->resolve('beranda', Array)
#4 G:\\Documents\\SEMESTER 5\\DESAIN DAN PEMROGRAMAN WEB\\Praktikum\\19104082_IkadhannyYudyanPratama\\praklaravel1\\vendor\\laravel\\framework\\src\\Illuminate\\Foundation\\Application.php(836): Illuminate\\Container\\Container->make('beranda', Array)
#5 G:\\Documents\\SEMESTER 5\\DESAIN DAN PEMROGRAMAN WEB\\Praktikum\\19104082_IkadhannyYudyanPratama\\praklaravel1\\vendor\\laravel\\framework\\src\\Illuminate\\Routing\\Route.php(276): Illuminate\\Foundation\\Application->make('beranda')
#6 G:\\Documents\\SEMESTER 5\\DESAIN DAN PEMROGRAMAN WEB\\Praktikum\\19104082_IkadhannyYudyanPratama\\praklaravel1\\vendor\\laravel\\framework\\src\\Illuminate\\Routing\\Route.php(1069): Illuminate\\Routing\\Route->getController()
#7 G:\\Documents\\SEMESTER 5\\DESAIN DAN PEMROGRAMAN WEB\\Praktikum\\19104082_IkadhannyYudyanPratama\\praklaravel1\\vendor\\laravel\\framework\\src\\Illuminate\\Routing\\Route.php(1012): Illuminate\\Routing\\Route->controllerMiddleware()
#8 G:\\Documents\\SEMESTER 5\\DESAIN DAN PEMROGRAMAN WEB\\Praktikum\\19104082_IkadhannyYudyanPratama\\praklaravel1\\vendor\\laravel\\framework\\src\\Illuminate\\Routing\\Router.php(734): Illuminate\\Routing\\Route->gatherMiddleware()
#9 G:\\Documents\\SEMESTER 5\\DESAIN DAN PEMROGRAMAN WEB\\Praktikum\\19104082_IkadhannyYudyanPratama\\praklaravel1\\vendor\\laravel\\framework\\src\\Illuminate\\Routing\\Router.php(714): Illuminate\\Routing\\Router->gatherRouteMiddleware(Object(Illuminate\\Routing\\Route))
#10 G:\\Documents\\SEMESTER 5\\DESAIN DAN PEMROGRAMAN WEB\\Praktikum\\19104082_IkadhannyYudyanPratama\\praklaravel1\\vendor\\laravel\\framework\\src\\Illuminate\\Routing\\Router.php(698): Illuminate\\Routing\\Router->runRouteWithinStack(Object(Illuminate\\Routing\\Route), Object(Illuminate\\Http\\Request))
#11 G:\\Documents\\SEMESTER 5\\DESAIN DAN PEMROGRAMAN WEB\\Praktikum\\19104082_IkadhannyYudyanPratama\\praklaravel1\\vendor\\laravel\\framework\\src\\Illuminate\\Routing\\Router.php(662): Illuminate\\Routing\\Router->runRoute(Object(Illuminate\\Http\\Request), Object(Illuminate\\Routing\\Route))
#12 G:\\Documents\\SEMESTER 5\\DESAIN DAN PEMROGRAMAN WEB\\Praktikum\\19104082_IkadhannyYudyanPratama\\praklaravel1\\vendor\\laravel\\framework\\src\\Illuminate\\Routing\\Router.php(651): Illuminate\\Routing\\Router->dispatchToRoute(Object(Illuminate\\Http\\Request))
#13 G:\\Documents\\SEMESTER 5\\DESAIN DAN PEMROGRAMAN WEB\\Praktikum\\19104082_IkadhannyYudyanPratama\\praklaravel1\\vendor\\laravel\\framework\\src\\Illuminate\\Foundation\\Http\\Kernel.php(167): Illuminate\\Routing\\Router->dispatch(Object(Illuminate\\Http\\Request))
#14 G:\\Documents\\SEMESTER 5\\DESAIN DAN PEMROGRAMAN WEB\\Praktikum\\19104082_IkadhannyYudyanPratama\\praklaravel1\\vendor\\laravel\\framework\\src\\Illuminate\\Pipeline\\Pipeline.php(128): Illuminate\\Foundation\\Http\\Kernel->Illuminate\\Foundation\\Http\\{closure}(Object(Illuminate\\Http\\Request))
#15 G:\\Documents\\SEMESTER 5\\DESAIN DAN PEMROGRAMAN WEB\\Praktikum\\19104082_IkadhannyYudyanPratama\\praklaravel1\\vendor\\laravel\\framework\\src\\Illuminate\\Foundation\\Http\\Middleware\\TransformsRequest.php(21): Illuminate\\Pipeline\\Pipeline->Illuminate\\Pipeline\\{closure}(Object(Illuminate\\Http\\Request))
#16 G:\\Documents\\SEMESTER 5\\DESAIN DAN PEMROGRAMAN WEB\\Praktikum\\19104082_IkadhannyYudyanPratama\\praklaravel1\\vendor\\laravel\\framework\\src\\Illuminate\\Foundation\\Http\\Middleware\\ConvertEmptyStringsToNull.php(31): Illuminate\\Foundation\\Http\\Middleware\\TransformsRequest->handle(Object(Illuminate\\Http\\Request), Object(Closure))
#17 G:\\Documents\\SEMESTER 5\\DESAIN DAN PEMROGRAMAN WEB\\Praktikum\\19104082_IkadhannyYudyanPratama\\praklaravel1\\vendor\\laravel\\framework\\src\\Illuminate\\Pipeline\\Pipeline.php(167): Illuminate\\Foundation\\Http\\Middleware\\ConvertEmptyStringsToNull->handle(Object(Illuminate\\Http\\Request), Object(Closure))
#18 G:\\Documents\\SEMESTER 5\\DESAIN DAN PEMROGRAMAN WEB\\Praktikum\\19104082_IkadhannyYudyanPratama\\praklaravel1\\vendor\\laravel\\framework\\src\\Illuminate\\Foundation\\Http\\Middleware\\TransformsRequest.php(21): Illuminate\\Pipeline\\Pipeline->Illuminate\\Pipeline\\{closure}(Object(Illuminate\\Http\\Request))
#19 G:\\Documents\\SEMESTER 5\\DESAIN DAN PEMROGRAMAN WEB\\Praktikum\\19104082_IkadhannyYudyanPratama\\praklaravel1\\vendor\\laravel\\framework\\src\\Illuminate\\Foundation\\Http\\Middleware\\TrimStrings.php(40): Illuminate\\Foundation\\Http\\Middleware\\TransformsRequest->handle(Object(Illuminate\\Http\\Request), Object(Closure))
#20 G:\\Documents\\SEMESTER 5\\DESAIN DAN PEMROGRAMAN WEB\\Praktikum\\19104082_IkadhannyYudyanPratama\\praklaravel1\\vendor\\laravel\\framework\\src\\Illuminate\\Pipeline\\Pipeline.php(167): Illuminate\\Foundation\\Http\\Middleware\\TrimStrings->handle(Object(Illuminate\\Http\\Request), Object(Closure))
#21 G:\\Documents\\SEMESTER 5\\DESAIN DAN PEMROGRAMAN WEB\\Praktikum\\19104082_IkadhannyYudyanPratama\\praklaravel1\\vendor\\laravel\\framework\\src\\Illuminate\\Foundation\\Http\\Middleware\\ValidatePostSize.php(27): Illuminate\\Pipeline\\Pipeline->Illuminate\\Pipeline\\{closure}(Object(Illuminate\\Http\\Request))
#22 G:\\Documents\\SEMESTER 5\\DESAIN DAN PEMROGRAMAN WEB\\Praktikum\\19104082_IkadhannyYudyanPratama\\praklaravel1\\vendor\\laravel\\framework\\src\\Illuminate\\Pipeline\\Pipeline.php(167): Illuminate\\Foundation\\Http\\Middleware\\ValidatePostSize->handle(Object(Illuminate\\Http\\Request), Object(Closure))
#23 G:\\Documents\\SEMESTER 5\\DESAIN DAN PEMROGRAMAN WEB\\Praktikum\\19104082_IkadhannyYudyanPratama\\praklaravel1\\vendor\\laravel\\framework\\src\\Illuminate\\Foundation\\Http\\Middleware\\PreventRequestsDuringMaintenance.php(86): Illuminate\\Pipeline\\Pipeline->Illuminate\\Pipeline\\{closure}(Object(Illuminate\\Http\\Request))
#24 G:\\Documents\\SEMESTER 5\\DESAIN DAN PEMROGRAMAN WEB\\Praktikum\\19104082_IkadhannyYudyanPratama\\praklaravel1\\vendor\\laravel\\framework\\src\\Illuminate\\Pipeline\\Pipeline.php(167): Illuminate\\Foundation\\Http\\Middleware\\PreventRequestsDuringMaintenance->handle(Object(Illuminate\\Http\\Request), Object(Closure))
#25 G:\\Documents\\SEMESTER 5\\DESAIN DAN PEMROGRAMAN WEB\\Praktikum\\19104082_IkadhannyYudyanPratama\\praklaravel1\\vendor\\fruitcake\\laravel-cors\\src\\HandleCors.php(38): Illuminate\\Pipeline\\Pipeline->Illuminate\\Pipeline\\{closure}(Object(Illuminate\\Http\\Request))
#26 G:\\Documents\\SEMESTER 5\\DESAIN DAN PEMROGRAMAN WEB\\Praktikum\\19104082_IkadhannyYudyanPratama\\praklaravel1\\vendor\\laravel\\framework\\src\\Illuminate\\Pipeline\\Pipeline.php(167): Fruitcake\\Cors\\HandleCors->handle(Object(Illuminate\\Http\\Request), Object(Closure))
#27 G:\\Documents\\SEMESTER 5\\DESAIN DAN PEMROGRAMAN WEB\\Praktikum\\19104082_IkadhannyYudyanPratama\\praklaravel1\\vendor\\laravel\\framework\\src\\Illuminate\\Http\\Middleware\\TrustProxies.php(39): Illuminate\\Pipeline\\Pipeline->Illuminate\\Pipeline\\{closure}(Object(Illuminate\\Http\\Request))
#28 G:\\Documents\\SEMESTER 5\\DESAIN DAN PEMROGRAMAN WEB\\Praktikum\\19104082_IkadhannyYudyanPratama\\praklaravel1\\vendor\\laravel\\framework\\src\\Illuminate\\Pipeline\\Pipeline.php(167): Illuminate\\Http\\Middleware\\TrustProxies->handle(Object(Illuminate\\Http\\Request), Object(Closure))
#29 G:\\Documents\\SEMESTER 5\\DESAIN DAN PEMROGRAMAN WEB\\Praktikum\\19104082_IkadhannyYudyanPratama\\praklaravel1\\vendor\\laravel\\framework\\src\\Illuminate\\Pipeline\\Pipeline.php(103): Illuminate\\Pipeline\\Pipeline->Illuminate\\Pipeline\\{closure}(Object(Illuminate\\Http\\Request))
#30 G:\\Documents\\SEMESTER 5\\DESAIN DAN PEMROGRAMAN WEB\\Praktikum\\19104082_IkadhannyYudyanPratama\\praklaravel1\\vendor\\laravel\\framework\\src\\Illuminate\\Foundation\\Http\\Kernel.php(142): Illuminate\\Pipeline\\Pipeline->then(Object(Closure))
#31 G:\\Documents\\SEMESTER 5\\DESAIN DAN PEMROGRAMAN WEB\\Praktikum\\19104082_IkadhannyYudyanPratama\\praklaravel1\\vendor\\laravel\\framework\\src\\Illuminate\\Foundation\\Http\\Kernel.php(111): Illuminate\\Foundation\\Http\\Kernel->sendRequestThroughRouter(Object(Illuminate\\Http\\Request))
#32 G:\\Documents\\SEMESTER 5\\DESAIN DAN PEMROGRAMAN WEB\\Praktikum\\19104082_IkadhannyYudyanPratama\\praklaravel1\\public\\index.php(52): Illuminate\\Foundation\\Http\\Kernel->handle(Object(Illuminate\\Http\\Request))
#33 G:\\Documents\\SEMESTER 5\\DESAIN DAN PEMROGRAMAN WEB\\Praktikum\\19104082_IkadhannyYudyanPratama\\praklaravel1\\server.php(21): require_once('G:\\\\Documents\\\\SE...')
#34 {main}
"} 
[2022-01-22 15:31:25] local.ERROR: Target class [beranda] does not exist. {"exception":"[object] (Illuminate\\Contracts\\Container\\BindingResolutionException(code: 0): Target class [beranda] does not exist. at G:\\Documents\\SEMESTER 5\\DESAIN DAN PEMROGRAMAN WEB\\Praktikum\\19104082_IkadhannyYudyanPratama\\praklaravel1\\vendor\\laravel\\framework\\src\\Illuminate\\Container\\Container.php:879)
[stacktrace]
#0 G:\\Documents\\SEMESTER 5\\DESAIN DAN PEMROGRAMAN WEB\\Praktikum\\19104082_IkadhannyYudyanPratama\\praklaravel1\\vendor\\laravel\\framework\\src\\Illuminate\\Container\\Container.php(758): Illuminate\\Container\\Container->build('beranda')
#1 G:\\Documents\\SEMESTER 5\\DESAIN DAN PEMROGRAMAN WEB\\Praktikum\\19104082_IkadhannyYudyanPratama\\praklaravel1\\vendor\\laravel\\framework\\src\\Illuminate\\Foundation\\Application.php(851): Illuminate\\Container\\Container->resolve('beranda', Array, true)
#2 G:\\Documents\\SEMESTER 5\\DESAIN DAN PEMROGRAMAN WEB\\Praktikum\\19104082_IkadhannyYudyanPratama\\praklaravel1\\vendor\\laravel\\framework\\src\\Illuminate\\Container\\Container.php(694): Illuminate\\Foundation\\Application->resolve('beranda', Array)
#3 G:\\Documents\\SEMESTER 5\\DESAIN DAN PEMROGRAMAN WEB\\Praktikum\\19104082_IkadhannyYudyanPratama\\praklaravel1\\vendor\\laravel\\framework\\src\\Illuminate\\Foundation\\Application.php(836): Illuminate\\Container\\Container->make('beranda', Array)
#4 G:\\Documents\\SEMESTER 5\\DESAIN DAN PEMROGRAMAN WEB\\Praktikum\\19104082_IkadhannyYudyanPratama\\praklaravel1\\vendor\\laravel\\framework\\src\\Illuminate\\Routing\\Route.php(276): Illuminate\\Foundation\\Application->make('beranda')
#5 G:\\Documents\\SEMESTER 5\\DESAIN DAN PEMROGRAMAN WEB\\Praktikum\\19104082_IkadhannyYudyanPratama\\praklaravel1\\vendor\\laravel\\framework\\src\\Illuminate\\Routing\\Route.php(1069): Illuminate\\Routing\\Route->getController()
#6 G:\\Documents\\SEMESTER 5\\DESAIN DAN PEMROGRAMAN WEB\\Praktikum\\19104082_IkadhannyYudyanPratama\\praklaravel1\\vendor\\laravel\\framework\\src\\Illuminate\\Routing\\Route.php(1012): Illuminate\\Routing\\Route->controllerMiddleware()
#7 G:\\Documents\\SEMESTER 5\\DESAIN DAN PEMROGRAMAN WEB\\Praktikum\\19104082_IkadhannyYudyanPratama\\praklaravel1\\vendor\\laravel\\framework\\src\\Illuminate\\Routing\\Router.php(734): Illuminate\\Routing\\Route->gatherMiddleware()
#8 G:\\Documents\\SEMESTER 5\\DESAIN DAN PEMROGRAMAN WEB\\Praktikum\\19104082_IkadhannyYudyanPratama\\praklaravel1\\vendor\\laravel\\framework\\src\\Illuminate\\Routing\\Router.php(714): Illuminate\\Routing\\Router->gatherRouteMiddleware(Object(Illuminate\\Routing\\Route))
#9 G:\\Documents\\SEMESTER 5\\DESAIN DAN PEMROGRAMAN WEB\\Praktikum\\19104082_IkadhannyYudyanPratama\\praklaravel1\\vendor\\laravel\\framework\\src\\Illuminate\\Routing\\Router.php(698): Illuminate\\Routing\\Router->runRouteWithinStack(Object(Illuminate\\Routing\\Route), Object(Illuminate\\Http\\Request))
#10 G:\\Documents\\SEMESTER 5\\DESAIN DAN PEMROGRAMAN WEB\\Praktikum\\19104082_IkadhannyYudyanPratama\\praklaravel1\\vendor\\laravel\\framework\\src\\Illuminate\\Routing\\Router.php(662): Illuminate\\Routing\\Router->runRoute(Object(Illuminate\\Http\\Request), Object(Illuminate\\Routing\\Route))
#11 G:\\Documents\\SEMESTER 5\\DESAIN DAN PEMROGRAMAN WEB\\Praktikum\\19104082_IkadhannyYudyanPratama\\praklaravel1\\vendor\\laravel\\framework\\src\\Illuminate\\Routing\\Router.php(651): Illuminate\\Routing\\Router->dispatchToRoute(Object(Illuminate\\Http\\Request))
#12 G:\\Documents\\SEMESTER 5\\DESAIN DAN PEMROGRAMAN WEB\\Praktikum\\19104082_IkadhannyYudyanPratama\\praklaravel1\\vendor\\laravel\\framework\\src\\Illuminate\\Foundation\\Http\\Kernel.php(167): Illuminate\\Routing\\Router->dispatch(Object(Illuminate\\Http\\Request))
#13 G:\\Documents\\SEMESTER 5\\DESAIN DAN PEMROGRAMAN WEB\\Praktikum\\19104082_IkadhannyYudyanPratama\\praklaravel1\\vendor\\laravel\\framework\\src\\Illuminate\\Pipeline\\Pipeline.php(128): Illuminate\\Foundation\\Http\\Kernel->Illuminate\\Foundation\\Http\\{closure}(Object(Illuminate\\Http\\Request))
#14 G:\\Documents\\SEMESTER 5\\DESAIN DAN PEMROGRAMAN WEB\\Praktikum\\19104082_IkadhannyYudyanPratama\\praklaravel1\\vendor\\laravel\\framework\\src\\Illuminate\\Foundation\\Http\\Middleware\\TransformsRequest.php(21): Illuminate\\Pipeline\\Pipeline->Illuminate\\Pipeline\\{closure}(Object(Illuminate\\Http\\Request))
#15 G:\\Documents\\SEMESTER 5\\DESAIN DAN PEMROGRAMAN WEB\\Praktikum\\19104082_IkadhannyYudyanPratama\\praklaravel1\\vendor\\laravel\\framework\\src\\Illuminate\\Foundation\\Http\\Middleware\\ConvertEmptyStringsToNull.php(31): Illuminate\\Foundation\\Http\\Middleware\\TransformsRequest->handle(Object(Illuminate\\Http\\Request), Object(Closure))
#16 G:\\Documents\\SEMESTER 5\\DESAIN DAN PEMROGRAMAN WEB\\Praktikum\\19104082_IkadhannyYudyanPratama\\praklaravel1\\vendor\\laravel\\framework\\src\\Illuminate\\Pipeline\\Pipeline.php(167): Illuminate\\Foundation\\Http\\Middleware\\ConvertEmptyStringsToNull->handle(Object(Illuminate\\Http\\Request), Object(Closure))
#17 G:\\Documents\\SEMESTER 5\\DESAIN DAN PEMROGRAMAN WEB\\Praktikum\\19104082_IkadhannyYudyanPratama\\praklaravel1\\vendor\\laravel\\framework\\src\\Illuminate\\Foundation\\Http\\Middleware\\TransformsRequest.php(21): Illuminate\\Pipeline\\Pipeline->Illuminate\\Pipeline\\{closure}(Object(Illuminate\\Http\\Request))
#18 G:\\Documents\\SEMESTER 5\\DESAIN DAN PEMROGRAMAN WEB\\Praktikum\\19104082_IkadhannyYudyanPratama\\praklaravel1\\vendor\\laravel\\framework\\src\\Illuminate\\Foundation\\Http\\Middleware\\TrimStrings.php(40): Illuminate\\Foundation\\Http\\Middleware\\TransformsRequest->handle(Object(Illuminate\\Http\\Request), Object(Closure))
#19 G:\\Documents\\SEMESTER 5\\DESAIN DAN PEMROGRAMAN WEB\\Praktikum\\19104082_IkadhannyYudyanPratama\\praklaravel1\\vendor\\laravel\\framework\\src\\Illuminate\\Pipeline\\Pipeline.php(167): Illuminate\\Foundation\\Http\\Middleware\\TrimStrings->handle(Object(Illuminate\\Http\\Request), Object(Closure))
#20 G:\\Documents\\SEMESTER 5\\DESAIN DAN PEMROGRAMAN WEB\\Praktikum\\19104082_IkadhannyYudyanPratama\\praklaravel1\\vendor\\laravel\\framework\\src\\Illuminate\\Foundation\\Http\\Middleware\\ValidatePostSize.php(27): Illuminate\\Pipeline\\Pipeline->Illuminate\\Pipeline\\{closure}(Object(Illuminate\\Http\\Request))
#21 G:\\Documents\\SEMESTER 5\\DESAIN DAN PEMROGRAMAN WEB\\Praktikum\\19104082_IkadhannyYudyanPratama\\praklaravel1\\vendor\\laravel\\framework\\src\\Illuminate\\Pipeline\\Pipeline.php(167): Illuminate\\Foundation\\Http\\Middleware\\ValidatePostSize->handle(Object(Illuminate\\Http\\Request), Object(Closure))
#22 G:\\Documents\\SEMESTER 5\\DESAIN DAN PEMROGRAMAN WEB\\Praktikum\\19104082_IkadhannyYudyanPratama\\praklaravel1\\vendor\\laravel\\framework\\src\\Illuminate\\Foundation\\Http\\Middleware\\PreventRequestsDuringMaintenance.php(86): Illuminate\\Pipeline\\Pipeline->Illuminate\\Pipeline\\{closure}(Object(Illuminate\\Http\\Request))
#23 G:\\Documents\\SEMESTER 5\\DESAIN DAN PEMROGRAMAN WEB\\Praktikum\\19104082_IkadhannyYudyanPratama\\praklaravel1\\vendor\\laravel\\framework\\src\\Illuminate\\Pipeline\\Pipeline.php(167): Illuminate\\Foundation\\Http\\Middleware\\PreventRequestsDuringMaintenance->handle(Object(Illuminate\\Http\\Request), Object(Closure))
#24 G:\\Documents\\SEMESTER 5\\DESAIN DAN PEMROGRAMAN WEB\\Praktikum\\19104082_IkadhannyYudyanPratama\\praklaravel1\\vendor\\fruitcake\\laravel-cors\\src\\HandleCors.php(38): Illuminate\\Pipeline\\Pipeline->Illuminate\\Pipeline\\{closure}(Object(Illuminate\\Http\\Request))
#25 G:\\Documents\\SEMESTER 5\\DESAIN DAN PEMROGRAMAN WEB\\Praktikum\\19104082_IkadhannyYudyanPratama\\praklaravel1\\vendor\\laravel\\framework\\src\\Illuminate\\Pipeline\\Pipeline.php(167): Fruitcake\\Cors\\HandleCors->handle(Object(Illuminate\\Http\\Request), Object(Closure))
#26 G:\\Documents\\SEMESTER 5\\DESAIN DAN PEMROGRAMAN WEB\\Praktikum\\19104082_IkadhannyYudyanPratama\\praklaravel1\\vendor\\laravel\\framework\\src\\Illuminate\\Http\\Middleware\\TrustProxies.php(39): Illuminate\\Pipeline\\Pipeline->Illuminate\\Pipeline\\{closure}(Object(Illuminate\\Http\\Request))
#27 G:\\Documents\\SEMESTER 5\\DESAIN DAN PEMROGRAMAN WEB\\Praktikum\\19104082_IkadhannyYudyanPratama\\praklaravel1\\vendor\\laravel\\framework\\src\\Illuminate\\Pipeline\\Pipeline.php(167): Illuminate\\Http\\Middleware\\TrustProxies->handle(Object(Illuminate\\Http\\Request), Object(Closure))
#28 G:\\Documents\\SEMESTER 5\\DESAIN DAN PEMROGRAMAN WEB\\Praktikum\\19104082_IkadhannyYudyanPratama\\praklaravel1\\vendor\\laravel\\framework\\src\\Illuminate\\Pipeline\\Pipeline.php(103): Illuminate\\Pipeline\\Pipeline->Illuminate\\Pipeline\\{closure}(Object(Illuminate\\Http\\Request))
#29 G:\\Documents\\SEMESTER 5\\DESAIN DAN PEMROGRAMAN WEB\\Praktikum\\19104082_IkadhannyYudyanPratama\\praklaravel1\\vendor\\laravel\\framework\\src\\Illuminate\\Foundation\\Http\\Kernel.php(142): Illuminate\\Pipeline\\Pipeline->then(Object(Closure))
#30 G:\\Documents\\SEMESTER 5\\DESAIN DAN PEMROGRAMAN WEB\\Praktikum\\19104082_IkadhannyYudyanPratama\\praklaravel1\\vendor\\laravel\\framework\\src\\Illuminate\\Foundation\\Http\\Kernel.php(111): Illuminate\\Foundation\\Http\\Kernel->sendRequestThroughRouter(Object(Illuminate\\Http\\Request))
#31 G:\\Documents\\SEMESTER 5\\DESAIN DAN PEMROGRAMAN WEB\\Praktikum\\19104082_IkadhannyYudyanPratama\\praklaravel1\\public\\index.php(52): Illuminate\\Foundation\\Http\\Kernel->handle(Object(Illuminate\\Http\\Request))
#32 G:\\Documents\\SEMESTER 5\\DESAIN DAN PEMROGRAMAN WEB\\Praktikum\\19104082_IkadhannyYudyanPratama\\praklaravel1\\server.php(21): require_once('G:\\\\Documents\\\\SE...')
#33 {main}

[previous exception] [object] (ReflectionException(code: -1): Class \"beranda\" does not exist at G:\\Documents\\SEMESTER 5\\DESAIN DAN PEMROGRAMAN WEB\\Praktikum\\19104082_IkadhannyYudyanPratama\\praklaravel1\\vendor\\laravel\\framework\\src\\Illuminate\\Container\\Container.php:877)
[stacktrace]
#0 G:\\Documents\\SEMESTER 5\\DESAIN DAN PEMROGRAMAN WEB\\Praktikum\\19104082_IkadhannyYudyanPratama\\praklaravel1\\vendor\\laravel\\framework\\src\\Illuminate\\Container\\Container.php(877): ReflectionClass->__construct('beranda')
#1 G:\\Documents\\SEMESTER 5\\DESAIN DAN PEMROGRAMAN WEB\\Praktikum\\19104082_IkadhannyYudyanPratama\\praklaravel1\\vendor\\laravel\\framework\\src\\Illuminate\\Container\\Container.php(758): Illuminate\\Container\\Container->build('beranda')
#2 G:\\Documents\\SEMESTER 5\\DESAIN DAN PEMROGRAMAN WEB\\Praktikum\\19104082_IkadhannyYudyanPratama\\praklaravel1\\vendor\\laravel\\framework\\src\\Illuminate\\Foundation\\Application.php(851): Illuminate\\Container\\Container->resolve('beranda', Array, true)
#3 G:\\Documents\\SEMESTER 5\\DESAIN DAN PEMROGRAMAN WEB\\Praktikum\\19104082_IkadhannyYudyanPratama\\praklaravel1\\vendor\\laravel\\framework\\src\\Illuminate\\Container\\Container.php(694): Illuminate\\Foundation\\Application->resolve('beranda', Array)
#4 G:\\Documents\\SEMESTER 5\\DESAIN DAN PEMROGRAMAN WEB\\Praktikum\\19104082_IkadhannyYudyanPratama\\praklaravel1\\vendor\\laravel\\framework\\src\\Illuminate\\Foundation\\Application.php(836): Illuminate\\Container\\Container->make('beranda', Array)
#5 G:\\Documents\\SEMESTER 5\\DESAIN DAN PEMROGRAMAN WEB\\Praktikum\\19104082_IkadhannyYudyanPratama\\praklaravel1\\vendor\\laravel\\framework\\src\\Illuminate\\Routing\\Route.php(276): Illuminate\\Foundation\\Application->make('beranda')
#6 G:\\Documents\\SEMESTER 5\\DESAIN DAN PEMROGRAMAN WEB\\Praktikum\\19104082_IkadhannyYudyanPratama\\praklaravel1\\vendor\\laravel\\framework\\src\\Illuminate\\Routing\\Route.php(1069): Illuminate\\Routing\\Route->getController()
#7 G:\\Documents\\SEMESTER 5\\DESAIN DAN PEMROGRAMAN WEB\\Praktikum\\19104082_IkadhannyYudyanPratama\\praklaravel1\\vendor\\laravel\\framework\\src\\Illuminate\\Routing\\Route.php(1012): Illuminate\\Routing\\Route->controllerMiddleware()
#8 G:\\Documents\\SEMESTER 5\\DESAIN DAN PEMROGRAMAN WEB\\Praktikum\\19104082_IkadhannyYudyanPratama\\praklaravel1\\vendor\\laravel\\framework\\src\\Illuminate\\Routing\\Router.php(734): Illuminate\\Routing\\Route->gatherMiddleware()
#9 G:\\Documents\\SEMESTER 5\\DESAIN DAN PEMROGRAMAN WEB\\Praktikum\\19104082_IkadhannyYudyanPratama\\praklaravel1\\vendor\\laravel\\framework\\src\\Illuminate\\Routing\\Router.php(714): Illuminate\\Routing\\Router->gatherRouteMiddleware(Object(Illuminate\\Routing\\Route))
#10 G:\\Documents\\SEMESTER 5\\DESAIN DAN PEMROGRAMAN WEB\\Praktikum\\19104082_IkadhannyYudyanPratama\\praklaravel1\\vendor\\laravel\\framework\\src\\Illuminate\\Routing\\Router.php(698): Illuminate\\Routing\\Router->runRouteWithinStack(Object(Illuminate\\Routing\\Route), Object(Illuminate\\Http\\Request))
#11 G:\\Documents\\SEMESTER 5\\DESAIN DAN PEMROGRAMAN WEB\\Praktikum\\19104082_IkadhannyYudyanPratama\\praklaravel1\\vendor\\laravel\\framework\\src\\Illuminate\\Routing\\Router.php(662): Illuminate\\Routing\\Router->runRoute(Object(Illuminate\\Http\\Request), Object(Illuminate\\Routing\\Route))
#12 G:\\Documents\\SEMESTER 5\\DESAIN DAN PEMROGRAMAN WEB\\Praktikum\\19104082_IkadhannyYudyanPratama\\praklaravel1\\vendor\\laravel\\framework\\src\\Illuminate\\Routing\\Router.php(651): Illuminate\\Routing\\Router->dispatchToRoute(Object(Illuminate\\Http\\Request))
#13 G:\\Documents\\SEMESTER 5\\DESAIN DAN PEMROGRAMAN WEB\\Praktikum\\19104082_IkadhannyYudyanPratama\\praklaravel1\\vendor\\laravel\\framework\\src\\Illuminate\\Foundation\\Http\\Kernel.php(167): Illuminate\\Routing\\Router->dispatch(Object(Illuminate\\Http\\Request))
#14 G:\\Documents\\SEMESTER 5\\DESAIN DAN PEMROGRAMAN WEB\\Praktikum\\19104082_IkadhannyYudyanPratama\\praklaravel1\\vendor\\laravel\\framework\\src\\Illuminate\\Pipeline\\Pipeline.php(128): Illuminate\\Foundation\\Http\\Kernel->Illuminate\\Foundation\\Http\\{closure}(Object(Illuminate\\Http\\Request))
#15 G:\\Documents\\SEMESTER 5\\DESAIN DAN PEMROGRAMAN WEB\\Praktikum\\19104082_IkadhannyYudyanPratama\\praklaravel1\\vendor\\laravel\\framework\\src\\Illuminate\\Foundation\\Http\\Middleware\\TransformsRequest.php(21): Illuminate\\Pipeline\\Pipeline->Illuminate\\Pipeline\\{closure}(Object(Illuminate\\Http\\Request))
#16 G:\\Documents\\SEMESTER 5\\DESAIN DAN PEMROGRAMAN WEB\\Praktikum\\19104082_IkadhannyYudyanPratama\\praklaravel1\\vendor\\laravel\\framework\\src\\Illuminate\\Foundation\\Http\\Middleware\\ConvertEmptyStringsToNull.php(31): Illuminate\\Foundation\\Http\\Middleware\\TransformsRequest->handle(Object(Illuminate\\Http\\Request), Object(Closure))
#17 G:\\Documents\\SEMESTER 5\\DESAIN DAN PEMROGRAMAN WEB\\Praktikum\\19104082_IkadhannyYudyanPratama\\praklaravel1\\vendor\\laravel\\framework\\src\\Illuminate\\Pipeline\\Pipeline.php(167): Illuminate\\Foundation\\Http\\Middleware\\ConvertEmptyStringsToNull->handle(Object(Illuminate\\Http\\Request), Object(Closure))
#18 G:\\Documents\\SEMESTER 5\\DESAIN DAN PEMROGRAMAN WEB\\Praktikum\\19104082_IkadhannyYudyanPratama\\praklaravel1\\vendor\\laravel\\framework\\src\\Illuminate\\Foundation\\Http\\Middleware\\TransformsRequest.php(21): Illuminate\\Pipeline\\Pipeline->Illuminate\\Pipeline\\{closure}(Object(Illuminate\\Http\\Request))
#19 G:\\Documents\\SEMESTER 5\\DESAIN DAN PEMROGRAMAN WEB\\Praktikum\\19104082_IkadhannyYudyanPratama\\praklaravel1\\vendor\\laravel\\framework\\src\\Illuminate\\Foundation\\Http\\Middleware\\TrimStrings.php(40): Illuminate\\Foundation\\Http\\Middleware\\TransformsRequest->handle(Object(Illuminate\\Http\\Request), Object(Closure))
#20 G:\\Documents\\SEMESTER 5\\DESAIN DAN PEMROGRAMAN WEB\\Praktikum\\19104082_IkadhannyYudyanPratama\\praklaravel1\\vendor\\laravel\\framework\\src\\Illuminate\\Pipeline\\Pipeline.php(167): Illuminate\\Foundation\\Http\\Middleware\\TrimStrings->handle(Object(Illuminate\\Http\\Request), Object(Closure))
#21 G:\\Documents\\SEMESTER 5\\DESAIN DAN PEMROGRAMAN WEB\\Praktikum\\19104082_IkadhannyYudyanPratama\\praklaravel1\\vendor\\laravel\\framework\\src\\Illuminate\\Foundation\\Http\\Middleware\\ValidatePostSize.php(27): Illuminate\\Pipeline\\Pipeline->Illuminate\\Pipeline\\{closure}(Object(Illuminate\\Http\\Request))
#22 G:\\Documents\\SEMESTER 5\\DESAIN DAN PEMROGRAMAN WEB\\Praktikum\\19104082_IkadhannyYudyanPratama\\praklaravel1\\vendor\\laravel\\framework\\src\\Illuminate\\Pipeline\\Pipeline.php(167): Illuminate\\Foundation\\Http\\Middleware\\ValidatePostSize->handle(Object(Illuminate\\Http\\Request), Object(Closure))
#23 G:\\Documents\\SEMESTER 5\\DESAIN DAN PEMROGRAMAN WEB\\Praktikum\\19104082_IkadhannyYudyanPratama\\praklaravel1\\vendor\\laravel\\framework\\src\\Illuminate\\Foundation\\Http\\Middleware\\PreventRequestsDuringMaintenance.php(86): Illuminate\\Pipeline\\Pipeline->Illuminate\\Pipeline\\{closure}(Object(Illuminate\\Http\\Request))
#24 G:\\Documents\\SEMESTER 5\\DESAIN DAN PEMROGRAMAN WEB\\Praktikum\\19104082_IkadhannyYudyanPratama\\praklaravel1\\vendor\\laravel\\framework\\src\\Illuminate\\Pipeline\\Pipeline.php(167): Illuminate\\Foundation\\Http\\Middleware\\PreventRequestsDuringMaintenance->handle(Object(Illuminate\\Http\\Request), Object(Closure))
#25 G:\\Documents\\SEMESTER 5\\DESAIN DAN PEMROGRAMAN WEB\\Praktikum\\19104082_IkadhannyYudyanPratama\\praklaravel1\\vendor\\fruitcake\\laravel-cors\\src\\HandleCors.php(38): Illuminate\\Pipeline\\Pipeline->Illuminate\\Pipeline\\{closure}(Object(Illuminate\\Http\\Request))
#26 G:\\Documents\\SEMESTER 5\\DESAIN DAN PEMROGRAMAN WEB\\Praktikum\\19104082_IkadhannyYudyanPratama\\praklaravel1\\vendor\\laravel\\framework\\src\\Illuminate\\Pipeline\\Pipeline.php(167): Fruitcake\\Cors\\HandleCors->handle(Object(Illuminate\\Http\\Request), Object(Closure))
#27 G:\\Documents\\SEMESTER 5\\DESAIN DAN PEMROGRAMAN WEB\\Praktikum\\19104082_IkadhannyYudyanPratama\\praklaravel1\\vendor\\laravel\\framework\\src\\Illuminate\\Http\\Middleware\\TrustProxies.php(39): Illuminate\\Pipeline\\Pipeline->Illuminate\\Pipeline\\{closure}(Object(Illuminate\\Http\\Request))
#28 G:\\Documents\\SEMESTER 5\\DESAIN DAN PEMROGRAMAN WEB\\Praktikum\\19104082_IkadhannyYudyanPratama\\praklaravel1\\vendor\\laravel\\framework\\src\\Illuminate\\Pipeline\\Pipeline.php(167): Illuminate\\Http\\Middleware\\TrustProxies->handle(Object(Illuminate\\Http\\Request), Object(Closure))
#29 G:\\Documents\\SEMESTER 5\\DESAIN DAN PEMROGRAMAN WEB\\Praktikum\\19104082_IkadhannyYudyanPratama\\praklaravel1\\vendor\\laravel\\framework\\src\\Illuminate\\Pipeline\\Pipeline.php(103): Illuminate\\Pipeline\\Pipeline->Illuminate\\Pipeline\\{closure}(Object(Illuminate\\Http\\Request))
#30 G:\\Documents\\SEMESTER 5\\DESAIN DAN PEMROGRAMAN WEB\\Praktikum\\19104082_IkadhannyYudyanPratama\\praklaravel1\\vendor\\laravel\\framework\\src\\Illuminate\\Foundation\\Http\\Kernel.php(142): Illuminate\\Pipeline\\Pipeline->then(Object(Closure))
#31 G:\\Documents\\SEMESTER 5\\DESAIN DAN PEMROGRAMAN WEB\\Praktikum\\19104082_IkadhannyYudyanPratama\\praklaravel1\\vendor\\laravel\\framework\\src\\Illuminate\\Foundation\\Http\\Kernel.php(111): Illuminate\\Foundation\\Http\\Kernel->sendRequestThroughRouter(Object(Illuminate\\Http\\Request))
#32 G:\\Documents\\SEMESTER 5\\DESAIN DAN PEMROGRAMAN WEB\\Praktikum\\19104082_IkadhannyYudyanPratama\\praklaravel1\\public\\index.php(52): Illuminate\\Foundation\\Http\\Kernel->handle(Object(Illuminate\\Http\\Request))
#33 G:\\Documents\\SEMESTER 5\\DESAIN DAN PEMROGRAMAN WEB\\Praktikum\\19104082_IkadhannyYudyanPratama\\praklaravel1\\server.php(21): require_once('G:\\\\Documents\\\\SE...')
#34 {main}
"} 
